mmer lab-03-composite-strategy-a-new-team]$ cmake3 .
-- Configuring done
-- Generating done
-- Build files have been written to: /home/csmajs/cgent003/lab-03-composite-strategy-a-new-team
[cgent003@hammer lab-03-composite-strategy-a-new-team]$ make
[ 20%] Built target gtest
[ 30%] Building CXX object CMakeFiles/test.dir/test.cpp.o
In file included from /usr/include/c++/4.8.2/tuple:35:0,
                 from /home/csmajs/cgent003/lab-03-composite-strategy-a-new-team/googletest/googletest/include/gtest/internal/gtest-port.h:275,
                 from /home/csmajs/cgent003/lab-03-composite-strategy-a-new-team/googletest/googletest/include/gtest/internal/gtest-internal.h:40,
                 from /home/csmajs/cgent003/lab-03-composite-strategy-a-new-team/googletest/googletest/include/gtest/gtest.h:59,
                 from /home/csmajs/cgent003/lab-03-composite-strategy-a-new-team/test.cpp:6:
/usr/include/c++/4.8.2/bits/c++0x_warning.h:32:2: error: #error This file requires compiler and library support for the ISO C++ 2011 standard. This support is currently experimental, and must be enabled with the -std=c++11 or -std=gnu++11 compiler options.
 #error This file requires compiler and library support for the \
  ^
In file included from /home/csmajs/cgent003/lab-03-composite-strategy-a-new-team/googletest/googletest/include/gtest/internal/gtest-internal.h:40:0,
                 from /home/csmajs/cgent003/lab-03-composite-strategy-a-new-team/googletest/googletest/include/gtest/gtest.h:59,
                 from /home/csmajs/cgent003/lab-03-composite-strategy-a-new-team/test.cpp:6:
/home/csmajs/cgent003/lab-03-composite-strategy-a-new-team/googletest/googletest/include/gtest/internal/gtest-port.h:890:12: error: ‘std::get’ has not been declared
 using std::get;
            ^
/home/csmajs/cgent003/lab-03-composite-strategy-a-new-team/googletest/googletest/include/gtest/internal/gtest-port.h:891:12: error: ‘std::make_tuple’ has not been declared
 using std::make_tuple;
            ^
/home/csmajs/cgent003/lab-03-composite-strategy-a-new-team/googletest/googletest/include/gtest/internal/gtest-port.h:892:12: error: ‘std::tuple’ has not been declared
 using std::tuple;
            ^
/home/csmajs/cgent003/lab-03-composite-strategy-a-new-team/googletest/googletest/include/gtest/internal/gtest-port.h:893:12: error: ‘std::tuple_element’ has not been declared
 using std::tuple_element;
            ^
/home/csmajs/cgent003/lab-03-composite-strategy-a-new-team/googletest/googletest/include/gtest/internal/gtest-port.h:894:12: error: ‘std::tuple_size’ has not been declared
 using std::tuple_size;
            ^
/home/csmajs/cgent003/lab-03-composite-strategy-a-new-team/googletest/googletest/include/gtest/internal/gtest-port.h:1022:30: error: ‘nullptr’ was not declared in this scope
   explicit scoped_ptr(T* p = nullptr) : ptr_(p) {}
                              ^
/home/csmajs/cgent003/lab-03-composite-strategy-a-new-team/googletest/googletest/include/gtest/internal/gtest-port.h:1035:21: error: ‘nullptr’ was not declared in this scope
   void reset(T* p = nullptr) {
                     ^
/home/csmajs/cgent003/lab-03-composite-strategy-a-new-team/googletest/googletest/include/gtest/internal/gtest-port.h: In member function ‘T* testing::internal::scoped_ptr<T>::release()’:
/home/csmajs/cgent003/lab-03-composite-strategy-a-new-team/googletest/googletest/include/gtest/internal/gtest-port.h:1031:12: error: ‘nullptr’ was not declared in this scope
     ptr_ = nullptr;
            ^
/home/csmajs/cgent003/lab-03-composite-strategy-a-new-team/googletest/googletest/include/gtest/internal/gtest-port.h: In function ‘void testing::internal::FlushInfoLog()’:
/home/csmajs/cgent003/lab-03-composite-strategy-a-new-team/googletest/googletest/include/gtest/internal/gtest-port.h:1185:37: error: ‘nullptr’ was not declared in this scope
 inline void FlushInfoLog() { fflush(nullptr); }
                                     ^
/home/csmajs/cgent003/lab-03-composite-strategy-a-new-team/googletest/googletest/include/gtest/internal/gtest-port.h: In function ‘To testing::internal::DownCast_(From*)’:
/home/csmajs/cgent003/lab-03-composite-strategy-a-new-team/googletest/googletest/include/gtest/internal/gtest-port.h:1314:3: error: ‘nullptr’ was not declared in this scope
   GTEST_CHECK_(f == nullptr || dynamic_cast<To>(f) != NULL);
   ^
/home/csmajs/cgent003/lab-03-composite-strategy-a-new-team/googletest/googletest/include/gtest/internal/gtest-port.h: In function ‘void testing::internal::SleepMilliseconds(int)’:
/home/csmajs/cgent003/lab-03-composite-strategy-a-new-team/googletest/googletest/include/gtest/internal/gtest-port.h:1386:20: error: ‘nullptr’ was not declared in this scope
   nanosleep(&time, nullptr);
                    ^
/home/csmajs/cgent003/lab-03-composite-strategy-a-new-team/googletest/googletest/include/gtest/internal/gtest-port.h: In constructor ‘testing::internal::Notification::Notification()’:
/home/csmajs/cgent003/lab-03-composite-strategy-a-new-team/googletest/googletest/include/gtest/internal/gtest-port.h:1404:5: error: ‘nullptr’ was not declared in this scope
     GTEST_CHECK_POSIX_SUCCESS_(pthread_mutex_init(&mutex_, nullptr));
     ^
/home/csmajs/cgent003/lab-03-composite-strategy-a-new-team/googletest/googletest/include/gtest/internal/gtest-port.h: In function ‘void* testing::internal::ThreadFuncWithCLinkage(void*)’:
/home/csmajs/cgent003/lab-03-composite-strategy-a-new-team/googletest/googletest/include/gtest/internal/gtest-port.h:1513:10: error: ‘nullptr’ was not declared in this scope
   return nullptr;
          ^
/home/csmajs/cgent003/lab-03-composite-strategy-a-new-team/googletest/googletest/include/gtest/internal/gtest-port.h: In constructor ‘testing::internal::ThreadWithParam<T>::ThreadWithParam(void (*)(T), T, testing::internal::Notification*)’:
/home/csmajs/cgent003/lab-03-composite-strategy-a-new-team/googletest/googletest/include/gtest/internal/gtest-port.h:1541:5: error: ‘nullptr’ was not declared in this scope
     GTEST_CHECK_POSIX_SUCCESS_(
     ^
/home/csmajs/cgent003/lab-03-composite-strategy-a-new-team/googletest/googletest/include/gtest/internal/gtest-port.h: In member function ‘void testing::internal::ThreadWithParam<T>::Join()’:
/home/csmajs/cgent003/lab-03-composite-strategy-a-new-team/googletest/googletest/include/gtest/internal/gtest-port.h:1548:7: error: ‘nullptr’ was not declared in this scope
       GTEST_CHECK_POSIX_SUCCESS_(pthread_join(thread_, nullptr));
       ^
/home/csmajs/cgent003/lab-03-composite-strategy-a-new-team/googletest/googletest/include/gtest/internal/gtest-port.h: In member function ‘virtual void testing::internal::ThreadWithParam<T>::Run()’:
/home/csmajs/cgent003/lab-03-composite-strategy-a-new-team/googletest/googletest/include/gtest/internal/gtest-port.h:1554:30: error: ‘nullptr’ was not declared in this scope
     if (thread_can_start_ != nullptr) thread_can_start_->WaitForNotification();
                              ^
/home/csmajs/cgent003/lab-03-composite-strategy-a-new-team/googletest/googletest/include/gtest/internal/gtest-port.h: In constructor ‘testing::internal::Mutex::Mutex()’:
/home/csmajs/cgent003/lab-03-composite-strategy-a-new-team/googletest/googletest/include/gtest/internal/gtest-port.h:1917:5: error: ‘nullptr’ was not declared in this scope
     GTEST_CHECK_POSIX_SUCCESS_(pthread_mutex_init(&mutex_, nullptr));
     ^
/home/csmajs/cgent003/lab-03-composite-strategy-a-new-team/googletest/googletest/include/gtest/internal/gtest-port.h: In member function ‘T* testing::internal::ThreadLocal<T>::GetOrCreateValue() const’:
/home/csmajs/cgent003/lab-03-composite-strategy-a-new-team/googletest/googletest/include/gtest/internal/gtest-port.h:2015:19: error: ‘nullptr’ was not declared in this scope
     if (holder != nullptr) {
                   ^
/home/csmajs/cgent003/lab-03-composite-strategy-a-new-team/googletest/googletest/include/gtest/internal/gtest-port.h: At global scope:
/home/csmajs/cgent003/lab-03-composite-strategy-a-new-team/googletest/googletest/include/gtest/internal/gtest-port.h:2356:1: error: expected unqualified-id before ‘[’ token
 [[noreturn]] inline void Abort() { abort(); }
 ^
In file included from /home/csmajs/cgent003/lab-03-composite-strategy-a-new-team/googletest/googletest/include/gtest/internal/gtest-internal.h:63:0,
                 from /home/csmajs/cgent003/lab-03-composite-strategy-a-new-team/googletest/googletest/include/gtest/gtest.h:59,
                 from /home/csmajs/cgent003/lab-03-composite-strategy-a-new-team/test.cpp:6:
/home/csmajs/cgent003/lab-03-composite-strategy-a-new-team/googletest/googletest/include/gtest/gtest-message.h: In member function ‘testing::Message& testing::Message::operator<<(T* const&)’:
/home/csmajs/cgent003/lab-03-composite-strategy-a-new-team/googletest/googletest/include/gtest/gtest-message.h:154:20: error: ‘nullptr’ was not declared in this scope
     if (pointer == nullptr) {
                    ^
In file included from /home/csmajs/cgent003/lab-03-composite-strategy-a-new-team/googletest/googletest/include/gtest/internal/gtest-internal.h:66:0,
                 from /home/csmajs/cgent003/lab-03-composite-strategy-a-new-team/googletest/googletest/include/gtest/gtest.h:59,
                 from /home/csmajs/cgent003/lab-03-composite-strategy-a-new-team/test.cpp:6:
/home/csmajs/cgent003/lab-03-composite-strategy-a-new-team/googletest/googletest/include/gtest/internal/gtest-type-util.h: In function ‘std::string testing::internal::GetTypeName()’:
/home/csmajs/cgent003/lab-03-composite-strategy-a-new-team/googletest/googletest/include/gtest/internal/gtest-type-util.h:92:52: error: ‘nullptr’ was not declared in this scope
   char* const readable_name = __cxa_demangle(name, nullptr, nullptr, &status);
                                                    ^
In file included from /home/csmajs/cgent003/lab-03-composite-strategy-a-new-team/googletest/googletest/include/gtest/gtest.h:59:0,
                 from /home/csmajs/cgent003/lab-03-composite-strategy-a-new-team/test.cpp:6:
/home/csmajs/cgent003/lab-03-composite-strategy-a-new-team/googletest/googletest/include/gtest/internal/gtest-internal.h: In member function ‘bool testing::internal::TypedTestCasePState::AddTestName(const char*, int, const char*, const char*)’:
/home/csmajs/cgent003/lab-03-composite-strategy-a-new-team/googletest/googletest/include/gtest/internal/gtest-internal.h:554:7: error: ‘Abort’ is not a member of ‘testing::internal::posix’
       posix::Abort();
       ^
/home/csmajs/cgent003/lab-03-composite-strategy-a-new-team/googletest/googletest/include/gtest/internal/gtest-internal.h: In function ‘const char* testing::internal::SkipComma(const char*)’:
/home/csmajs/cgent003/lab-03-composite-strategy-a-new-team/googletest/googletest/include/gtest/internal/gtest-internal.h:590:16: error: ‘nullptr’ was not declared in this scope
   if (comma == nullptr) {
                ^
/home/csmajs/cgent003/lab-03-composite-strategy-a-new-team/googletest/googletest/include/gtest/internal/gtest-internal.h: In function ‘std::string testing::internal::GetPrefixUntilComma(const char*)’:
/home/csmajs/cgent003/lab-03-composite-strategy-a-new-team/googletest/googletest/include/gtest/internal/gtest-internal.h:601:19: error: ‘nullptr’ was not declared in this scope
   return comma == nullptr ? str : std::string(str, comma);
                   ^
/home/csmajs/cgent003/lab-03-composite-strategy-a-new-team/googletest/googletest/include/gtest/internal/gtest-internal.h: In static member function ‘static bool testing::internal::TypeParameterizedTest<Fixture, TestSel, Types>::Register(const char*, const testing::internal::CodeLocation&, const char*, const char*, int, const std::vector<std::basic_string<char> >&)’:
/home/csmajs/cgent003/lab-03-composite-strategy-a-new-team/googletest/googletest/include/gtest/internal/gtest-internal.h:670:9: error: ‘nullptr’ was not declared in this scope
         nullptr,  // No value parameter.
         ^
/home/csmajs/cgent003/lab-03-composite-strategy-a-new-team/googletest/googletest/include/gtest/internal/gtest-internal.h: In static member function ‘static bool testing::internal::TypeParameterizedTestCase<Fixture, Tests, Types>::Register(const char*, testing::internal::CodeLocation, const testing::internal::TypedTestCasePState*, const char*, const char*, const std::vector<std::basic_string<char> >&)’:
/home/csmajs/cgent003/lab-03-composite-strategy-a-new-team/googletest/googletest/include/gtest/internal/gtest-internal.h:718:7: error: ‘Abort’ is not a member of ‘testing::internal::posix’
       posix::Abort();
       ^
/home/csmajs/cgent003/lab-03-composite-strategy-a-new-team/googletest/googletest/include/gtest/internal/gtest-internal.h: At global scope:
/home/csmajs/cgent003/lab-03-composite-strategy-a-new-team/googletest/googletest/include/gtest/internal/gtest-internal.h:946:28: error: expected type-specifier before ‘decltype’
           class Iterator = decltype(::std::declval<const C&>().begin()),
                            ^
/home/csmajs/cgent003/lab-03-composite-strategy-a-new-team/googletest/googletest/include/gtest/internal/gtest-internal.h:946:28: error: expected ‘>’ before ‘decltype’
/home/csmajs/cgent003/lab-03-composite-strategy-a-new-team/googletest/googletest/include/gtest/internal/gtest-internal.h:951:44: error: default template arguments may not be used in function templates without -std=c++11 or -std=gnu++11
 IsContainer IsContainerTest(int /* dummy */) {
                                            ^
/home/csmajs/cgent003/lab-03-composite-strategy-a-new-team/googletest/googletest/include/gtest/internal/gtest-internal.h:974:44: error: ‘nullptr’ was not declared in this scope
   static const bool value = sizeof(test<T>(nullptr, nullptr)) == sizeof(int);
                                            ^
/home/csmajs/cgent003/lab-03-composite-strategy-a-new-team/googletest/googletest/include/gtest/internal/gtest-internal.h:974:53: error: ‘nullptr’ was not declared in this scope
   static const bool value = sizeof(test<T>(nullptr, nullptr)) == sizeof(int);
                                                     ^
/home/csmajs/cgent003/lab-03-composite-strategy-a-new-team/googletest/googletest/include/gtest/internal/gtest-internal.h:1182:9: error: expected nested-name-specifier before ‘type’
   using type = IndexSequence;
         ^
/home/csmajs/cgent003/lab-03-composite-strategy-a-new-team/googletest/googletest/include/gtest/internal/gtest-internal.h:1182:9: error: using-declaration for non-member at class scope
/home/csmajs/cgent003/lab-03-composite-strategy-a-new-team/googletest/googletest/include/gtest/internal/gtest-internal.h:1182:14:error: expected ‘;’ before ‘=’ token
   using type = IndexSequence;
              ^
/home/csmajs/cgent003/lab-03-composite-strategy-a-new-team/googletest/googletest/include/gtest/internal/gtest-internal.h:1182:14:error: expected unqualified-id before ‘=’ token
/home/csmajs/cgent003/lab-03-composite-strategy-a-new-team/googletest/googletest/include/gtest/internal/gtest-internal.h:1190:9: error: expected nested-name-specifier before ‘type’
   using type = IndexSequence<I..., (sizeofT + I)..., 2 * sizeofT>;
         ^
/home/csmajs/cgent003/lab-03-composite-strategy-a-new-team/googletest/googletest/include/gtest/internal/gtest-internal.h:1190:9: error: using-declaration for non-member at class scope
/home/csmajs/cgent003/lab-03-composite-strategy-a-new-team/googletest/googletest/include/gtest/internal/gtest-internal.h:1190:14:error: expected ‘;’ before ‘=’ token
   using type = IndexSequence<I..., (sizeofT + I)..., 2 * sizeofT>;
              ^
/home/csmajs/cgent003/lab-03-composite-strategy-a-new-team/googletest/googletest/include/gtest/internal/gtest-internal.h:1190:14:error: expected unqualified-id before ‘=’ token
/home/csmajs/cgent003/lab-03-composite-strategy-a-new-team/googletest/googletest/include/gtest/internal/gtest-internal.h:1194:9: error: expected nested-name-specifier before ‘type’
   using type = IndexSequence<I..., (sizeofT + I)...>;
         ^
/home/csmajs/cgent003/lab-03-composite-strategy-a-new-team/googletest/googletest/include/gtest/internal/gtest-internal.h:1194:9: error: using-declaration for non-member at class scope
/home/csmajs/cgent003/lab-03-composite-strategy-a-new-team/googletest/googletest/include/gtest/internal/gtest-internal.h:1194:14:error: expected ‘;’ before ‘=’ token
   using type = IndexSequence<I..., (sizeofT + I)...>;
              ^
/home/csmajs/cgent003/lab-03-composite-strategy-a-new-team/googletest/googletest/include/gtest/internal/gtest-internal.h:1194:14:error: expected unqualified-id before ‘=’ token
/home/csmajs/cgent003/lab-03-composite-strategy-a-new-team/googletest/googletest/include/gtest/internal/gtest-internal.h:1215:9: error: expected nested-name-specifier before ‘type’
   using type = T;
         ^
/home/csmajs/cgent003/lab-03-composite-strategy-a-new-team/googletest/googletest/include/gtest/internal/gtest-internal.h:1215:9: error: using-declaration for non-member at class scope
/home/csmajs/cgent003/lab-03-composite-strategy-a-new-team/googletest/googletest/include/gtest/internal/gtest-internal.h:1215:14:error: expected ‘;’ before ‘=’ token
   using type = T;
              ^
/home/csmajs/cgent003/lab-03-composite-strategy-a-new-team/googletest/googletest/include/gtest/internal/gtest-internal.h:1215:14:error: expected unqualified-id before ‘=’ token
/home/csmajs/cgent003/lab-03-composite-strategy-a-new-team/googletest/googletest/include/gtest/internal/gtest-internal.h:1235:9: error: expected nested-name-specifier before ‘value_type’
   using value_type =
         ^
/home/csmajs/cgent003/lab-03-composite-strategy-a-new-team/googletest/googletest/include/gtest/internal/gtest-internal.h:1235:9: error: using-declaration for non-member at class scope
/home/csmajs/cgent003/lab-03-composite-strategy-a-new-team/googletest/googletest/include/gtest/internal/gtest-internal.h:1235:20:error: expected ‘;’ before ‘=’ token
   using value_type =
                    ^
/home/csmajs/cgent003/lab-03-composite-strategy-a-new-team/googletest/googletest/include/gtest/internal/gtest-internal.h:1235:20:error: expected unqualified-id before ‘=’ token
/home/csmajs/cgent003/lab-03-composite-strategy-a-new-team/googletest/googletest/include/gtest/internal/gtest-internal.h:1239:41:error: expected ‘)’ before ‘t’
   explicit FlatTupleElemBase(value_type t) : value(std::move(t)) {}
                                         ^
/home/csmajs/cgent003/lab-03-composite-strategy-a-new-team/googletest/googletest/include/gtest/internal/gtest-internal.h:1240:3: error: ‘value_type’ does not name a type
   value_type value;
   ^
/home/csmajs/cgent003/lab-03-composite-strategy-a-new-team/googletest/googletest/include/gtest/internal/gtest-internal.h:1247:59:error: ‘>>’ should be ‘> >’ within a nested template argument list
 struct FlatTupleBase<FlatTuple<T...>, IndexSequence<Idx...>>
                                                           ^
/home/csmajs/cgent003/lab-03-composite-strategy-a-new-team/googletest/googletest/include/gtest/internal/gtest-internal.h:1249:9: error: expected nested-name-specifier before ‘Indices’
   using Indices = IndexSequence<Idx...>;
         ^
/home/csmajs/cgent003/lab-03-composite-strategy-a-new-team/googletest/googletest/include/gtest/internal/gtest-internal.h:1249:9: error: using-declaration for non-member at class scope
/home/csmajs/cgent003/lab-03-composite-strategy-a-new-team/googletest/googletest/include/gtest/internal/gtest-internal.h:1249:17:error: expected ‘;’ before ‘=’ token
   using Indices = IndexSequence<Idx...>;
                 ^
/home/csmajs/cgent003/lab-03-composite-strategy-a-new-team/googletest/googletest/include/gtest/internal/gtest-internal.h:1249:17:error: expected unqualified-id before ‘=’ token
/home/csmajs/cgent003/lab-03-composite-strategy-a-new-team/googletest/googletest/include/gtest/internal/gtest-internal.h: In constructor ‘testing::internal::FlatTupleBase<testing::internal::FlatTuple<T ...>, testing::internal::IndexSequence<I ...> >::FlatTupleBase(T ...)’:
/home/csmajs/cgent003/lab-03-composite-strategy-a-new-team/googletest/googletest/include/gtest/internal/gtest-internal.h:1252:49:error: ‘move’ is not a member of ‘std’
       : FlatTupleElemBase<FlatTuple<T...>, Idx>(std::move(t))... {}
                                                 ^
/home/csmajs/cgent003/lab-03-composite-strategy-a-new-team/googletest/googletest/include/gtest/internal/gtest-internal.h: At global scope:
/home/csmajs/cgent003/lab-03-composite-strategy-a-new-team/googletest/googletest/include/gtest/internal/gtest-internal.h:1268:9: error: expected nested-name-specifier before ‘Indices’
   using Indices = typename FlatTuple::FlatTupleBase::Indices;
         ^
/home/csmajs/cgent003/lab-03-composite-strategy-a-new-team/googletest/googletest/include/gtest/internal/gtest-internal.h:1268:9: error: using-declaration for non-member at class scope
/home/csmajs/cgent003/lab-03-composite-strategy-a-new-team/googletest/googletest/include/gtest/internal/gtest-internal.h:1268:17:error: expected ‘;’ before ‘=’ token
   using Indices = typename FlatTuple::FlatTupleBase::Indices;
                 ^
/home/csmajs/cgent003/lab-03-composite-strategy-a-new-team/googletest/googletest/include/gtest/internal/gtest-internal.h:1268:17:error: expected unqualified-id before ‘=’ token
/home/csmajs/cgent003/lab-03-composite-strategy-a-new-team/googletest/googletest/include/gtest/internal/gtest-internal.h:1275:34:error: ‘Indices’ was not declared in this scope
   const typename ElemFromList<I, Indices, T...>::type& Get() const {
                                  ^
/home/csmajs/cgent003/lab-03-composite-strategy-a-new-team/googletest/googletest/include/gtest/internal/gtest-internal.h:1275:47:error: template argument 2 is invalid
   const typename ElemFromList<I, Indices, T...>::type& Get() const {
                                               ^
/home/csmajs/cgent003/lab-03-composite-strategy-a-new-team/googletest/googletest/include/gtest/internal/gtest-internal.h:1280:28:error: ‘Indices’ was not declared in this scope
   typename ElemFromList<I, Indices, T...>::type& Get() {
                            ^
/home/csmajs/cgent003/lab-03-composite-strategy-a-new-team/googletest/googletest/include/gtest/internal/gtest-internal.h:1280:41:error: template argument 2 is invalid
   typename ElemFromList<I, Indices, T...>::type& Get() {
                                         ^
/home/csmajs/cgent003/lab-03-composite-strategy-a-new-team/googletest/googletest/include/gtest/internal/gtest-internal.h: In constructor ‘testing::internal::FlatTuple<T>::FlatTuple(T ...)’:
/home/csmajs/cgent003/lab-03-composite-strategy-a-new-team/googletest/googletest/include/gtest/internal/gtest-internal.h:1272:57:error: ‘move’ is not a member of ‘std’
   explicit FlatTuple(T... t) : FlatTuple::FlatTupleBase(std::move(t)...) {}
                                                         ^
In file included from /home/csmajs/cgent003/lab-03-composite-strategy-a-new-team/googletest/googletest/include/gtest/internal/gtest-param-util.h:47:0,
                 from /home/csmajs/cgent003/lab-03-composite-strategy-a-new-team/googletest/googletest/include/gtest/gtest-param-test.h:188,
                 from /home/csmajs/cgent003/lab-03-composite-strategy-a-new-team/googletest/googletest/include/gtest/gtest.h:63,
                 from /home/csmajs/cgent003/lab-03-composite-strategy-a-new-team/test.cpp:6:
/home/csmajs/cgent003/lab-03-composite-strategy-a-new-team/googletest/googletest/include/gtest/internal/gtest-linked_ptr.h: At global scope:
/home/csmajs/cgent003/lab-03-composite-strategy-a-new-team/googletest/googletest/include/gtest/internal/gtest-linked_ptr.h:152:32 error: ‘nullptr’ was not declared in this scope
   explicit linked_ptr(T* ptr = nullptr) { capture(ptr); }
                                ^
/home/csmajs/cgent003/lab-03-composite-strategy-a-new-team/googletest/googletest/include/gtest/internal/gtest-linked_ptr.h:178:23 error: ‘nullptr’ was not declared in this scope
   void reset(T* ptr = nullptr) {
                       ^
In file included from /home/csmajs/cgent003/lab-03-composite-strategy-a-new-team/googletest/googletest/include/gtest/internal/gtest-param-util.h:49:0,
                 from /home/csmajs/cgent003/lab-03-composite-strategy-a-new-team/googletest/googletest/include/gtest/gtest-param-test.h:188,
                 from /home/csmajs/cgent003/lab-03-composite-strategy-a-new-team/googletest/googletest/include/gtest/gtest.h:63,
                 from /home/csmajs/cgent003/lab-03-composite-strategy-a-new-team/test.cpp:6:
/home/csmajs/cgent003/lab-03-composite-strategy-a-new-team/googletest/googletest/include/gtest/gtest-printers.h: In function ‘void testing::internal::DefaultPrintTo(testing::internal::WrapPrinterType<(testing::internal::DefaultPrinterType)1u>, T*, std::ostream*)’:
/home/csmajs/cgent003/lab-03-composite-strategy-a-new-team/googletest/googletest/include/gtest/gtest-printers.h:450:12: error: ‘nullptr’ was not declared in this scope
   if (p == nullptr) {
            ^
/home/csmajs/cgent003/lab-03-composite-strategy-a-new-team/googletest/googletest/include/gtest/gtest-printers.h: In function ‘void testing::internal::DefaultPrintTo(testing::internal::WrapPrinterType<(testing::internal::DefaultPrinterType)2u>, T*, std::ostream*)’:
/home/csmajs/cgent003/lab-03-composite-strategy-a-new-team/googletest/googletest/include/gtest/gtest-printers.h:462:12: error: ‘nullptr’ was not declared in this scope
   if (p == nullptr) {
            ^
/home/csmajs/cgent003/lab-03-composite-strategy-a-new-team/googletest/googletest/include/gtest/gtest-printers.h: In function ‘void testing::internal::PrintTo(const T&, std::ostream*)’:
/home/csmajs/cgent003/lab-03-composite-strategy-a-new-team/googletest/googletest/include/gtest/gtest-printers.h:519:19: error: ‘is_function’ is not a member of ‘std’
                 : std::is_function<typename std::remove_pointer<T>::type>::value
                   ^
/home/csmajs/cgent003/lab-03-composite-strategy-a-new-team/googletest/googletest/include/gtest/gtest-printers.h:519:50: error: ‘remove_pointer’ in namespace ‘std’ does not name a type
                 : std::is_function<typename std::remove_pointer<T>::type>::value
                                                  ^
/home/csmajs/cgent003/lab-03-composite-strategy-a-new-team/googletest/googletest/include/gtest/gtest-printers.h:519:64: error: expected ‘(’ before ‘<’ token
                 : std::is_function<typename std::remove_pointer<T>::type>::value
                                                                ^
/home/csmajs/cgent003/lab-03-composite-strategy-a-new-team/googletest/googletest/include/gtest/gtest-printers.h:519:66: error: expected primary-expression before ‘>’ token
                 : std::is_function<typename std::remove_pointer<T>::type>::value
                                                                  ^
/home/csmajs/cgent003/lab-03-composite-strategy-a-new-team/googletest/googletest/include/gtest/gtest-printers.h:519:69: error: ‘testing::internal::WrapPrinterType<sizeof (IsContainerTest<T>)(0) == sizeof (int) && !(testing::internal::IsRecursiveContainer<T>::value) ? testing::internal::DefaultPrinterType::kPrintContainer !(testing::internal::is_pointer<T>::value) ? testing::internal::DefaultPrinterType::kPrintOther  <erroneous-expression> >::type’ is not a type
                 : std::is_function<typename std::remove_pointer<T>::type>::value
                                                                     ^
/home/csmajs/cgent003/lab-03-composite-strategy-a-new-team/googletest/googletest/include/gtest/gtest-printers.h:519:73: error: expected ‘(’ before ‘>’ token
                 : std::is_function<typename std::remove_pointer<T>::type>::value
                                                                         ^
/home/csmajs/cgent003/lab-03-composite-strategy-a-new-team/googletest/googletest/include/gtest/gtest-printers.h:519:74: error: ‘::value’ has not been declared
                 : std::is_function<typename std::remove_pointer<T>::type>::value
                                                                          ^
/home/csmajs/cgent003/lab-03-composite-strategy-a-new-team/googletest/googletest/include/gtest/gtest-printers.h:521:42: error: expected primary-expression before ‘)’ token
                       : kPrintPointer > (),
                                          ^
/home/csmajs/cgent003/lab-03-composite-strategy-a-new-team/googletest/googletest/include/gtest/gtest-printers.h: At global scope:
/home/csmajs/cgent003/lab-03-composite-strategy-a-new-team/googletest/googletest/include/gtest/gtest-printers.h:636:26: error: variable or field ‘PrintTo’ declared void
 inline void PrintTo(std::nullptr_t, ::std::ostream* os) { *os << "(nullptr)"; }
                          ^
/home/csmajs/cgent003/lab-03-composite-strategy-a-new-team/googletest/googletest/include/gtest/gtest-printers.h:636:21: error: ‘nullptr_t’ is not a member of ‘std’
 inline void PrintTo(std::nullptr_t, ::std::ostream* os) { *os << "(nullptr)"; }
                     ^
/home/csmajs/cgent003/lab-03-composite-strategy-a-new-team/googletest/googletest/include/gtest/gtest-printers.h:636:51: error: expected primary-expression before ‘*’ token
 inline void PrintTo(std::nullptr_t, ::std::ostream* os) { *os << "(nullptr)"; }
                                                   ^
/home/csmajs/cgent003/lab-03-composite-strategy-a-new-team/googletest/googletest/include/gtest/gtest-printers.h:636:53: error: ‘o’ was not declared in this scope
 inline void PrintTo(std::nullptr_t, ::std::ostream* os) { *os << "(nullptr)"; }
                                                     ^
/home/csmajs/cgent003/lab-03-composite-strategy-a-new-team/googletest/googletest/include/gtest/gtest-printers.h:639:19: error: variable or field ‘PrintTo’ declared void
 void PrintTo(std::reference_wrapper<T> ref, ::std::ostream* os) {
                   ^
/home/csmajs/cgent003/lab-03-composite-strategy-a-new-team/googletest/googletest/include/gtest/gtest-printers.h:639:14: error: ‘reference_wrapper’ is not a member of ‘std’
 void PrintTo(std::reference_wrapper<T> ref, ::std::ostream* os) {
              ^
/home/csmajs/cgent003/lab-03-composite-strategy-a-new-team/googletest/googletest/include/gtest/gtest-printers.h:639:38: error: expected primary-expression before ‘>’ token
 void PrintTo(std::reference_wrapper<T> ref, ::std::ostream* os) {
                                      ^
/home/csmajs/cgent003/lab-03-composite-strategy-a-new-team/googletest/googletest/include/gtest/gtest-printers.h:639:40: error: ‘ref’ was not declared in this scope
 void PrintTo(std::reference_wrapper<T> ref, ::std::ostream* os) {
                                        ^
/home/csmajs/cgent003/lab-03-composite-strategy-a-new-team/googletest/googletest/include/gtest/gtest-printers.h:639:59: error: expected primary-expression before ‘*’ token
 void PrintTo(std::reference_wrapper<T> ref, ::std::ostream* os) {
                                                           ^
/home/csmajs/cgent003/lab-03-composite-strategy-a-new-team/googletest/googletest/include/gtest/gtest-printers.h:639:61: error: ‘o’ was not declared in this scope
 void PrintTo(std::reference_wrapper<T> ref, ::std::ostream* os) {
                                                             ^
/home/csmajs/cgent003/lab-03-composite-strategy-a-new-team/googletest/googletest/include/gtest/gtest-printers.h:647:34: error: ‘std::integral_constant’ has not been declared
 void PrintTupleTo(const T&, std::integral_constant<size_t, 0>,
                                  ^
/home/csmajs/cgent003/lab-03-composite-strategy-a-new-team/googletest/googletest/include/gtest/gtest-printers.h:647:51: error: expected ‘,’ or ‘...’ before ‘<’ token
 void PrintTupleTo(const T&, std::integral_constant<size_t, 0>,
                                                   ^
/home/csmajs/cgent003/lab-03-composite-strategy-a-new-team/googletest/googletest/include/gtest/gtest-printers.h:651:36: error: ‘std::integral_constant’ has not been declared
 void PrintTupleTo(const T& t, std::integral_constant<size_t, I>,
                                    ^
/home/csmajs/cgent003/lab-03-composite-strategy-a-new-team/googletest/googletest/include/gtest/gtest-printers.h:651:53: error: expected ‘,’ or ‘...’ before ‘<’ token
 void PrintTupleTo(const T& t, std::integral_constant<size_t, I>,
                                                     ^
/home/csmajs/cgent003/lab-03-composite-strategy-a-new-team/googletest/googletest/include/gtest/gtest-printers.h: In function ‘void testing::internal::PrintTupleTo(const T&, int)’:
/home/csmajs/cgent003/lab-03-composite-strategy-a-new-team/googletest/googletest/include/gtest/gtest-printers.h:653:19: error: ‘integral_constant’ is not a member of ‘std’
   PrintTupleTo(t, std::integral_constant<size_t, I - 1>(), os);
                   ^
/home/csmajs/cgent003/lab-03-composite-strategy-a-new-team/googletest/googletest/include/gtest/gtest-printers.h:653:48: error: expected primary-expression before ‘,’ token
   PrintTupleTo(t, std::integral_constant<size_t, I - 1>(), os);
                                                ^
/home/csmajs/cgent003/lab-03-composite-strategy-a-new-team/googletest/googletest/include/gtest/gtest-printers.h:653:57: error: expected primary-expression before ‘)’ token
   PrintTupleTo(t, std::integral_constant<size_t, I - 1>(), os);
                                                         ^
/home/csmajs/cgent003/lab-03-composite-strategy-a-new-team/googletest/googletest/include/gtest/gtest-printers.h:653:60: error: ‘o’ was not declared in this scope
   PrintTupleTo(t, std::integral_constant<size_t, I - 1>(), os);
                                                            ^
/home/csmajs/cgent003/lab-03-composite-strategy-a-new-team/googletest/googletest/include/gtest/gtest-printers.h:659:34: error: ‘tuple_element’ in namespace ‘std’ does not name a type
   UniversalPrinter<typename std::tuple_element<I - 1, T>::type>::Print(
                                  ^
/home/csmajs/cgent003/lab-03-composite-strategy-a-new-team/googletest/googletest/include/gtest/gtest-printers.h:659:47: error: expected template-argument before ‘<’ token
   UniversalPrinter<typename std::tuple_element<I - 1, T>::type>::Print(
                                               ^
/home/csmajs/cgent003/lab-03-composite-strategy-a-new-team/googletest/googletest/include/gtest/gtest-printers.h:659:47: error: expected ‘>’ before ‘<’ token
/home/csmajs/cgent003/lab-03-composite-strategy-a-new-team/googletest/googletest/include/gtest/gtest-printers.h:659:63: error: template argument 1 is invalid
   UniversalPrinter<typename std::tuple_element<I - 1, T>::type>::Print(
                                                               ^
/home/csmajs/cgent003/lab-03-composite-strategy-a-new-team/googletest/googletest/include/gtest/gtest-printers.h:659:71: error: invalid type in declaration before ‘(’ token
   UniversalPrinter<typename std::tuple_element<I - 1, T>::type>::Print(
                                                                       ^
/home/csmajs/cgent003/lab-03-composite-strategy-a-new-team/googletest/googletest/include/gtest/gtest-printers.h:660:7: error: ‘ge’ is not a member of ‘std’
       std::get<I - 1>(t), os);
       ^
/home/csmajs/cgent003/lab-03-composite-strategy-a-new-team/googletest/googletest/include/gtest/gtest-printers.h:660:29: error: expression list treated as compound expression in initializer [-fpermissive]
       std::get<I - 1>(t), os);
                             ^
/home/csmajs/cgent003/lab-03-composite-strategy-a-new-team/googletest/googletest/include/gtest/gtest-printers.h: At global scope:
/home/csmajs/cgent003/lab-03-composite-strategy-a-new-team/googletest/googletest/include/gtest/gtest-printers.h:664:20: error: ‘tuple’ in namespace ‘std’ does not name a type
 void PrintTo(const ::std::tuple<Types...>& t, ::std::ostream* os) {
                    ^
/home/csmajs/cgent003/lab-03-composite-strategy-a-new-team/googletest/googletest/include/gtest/gtest-printers.h:664:32: error: expected ‘,’ or ‘...’ before ‘<’ token
 void PrintTo(const ::std::tuple<Types...>& t, ::std::ostream* os) {
                                ^
/home/csmajs/cgent003/lab-03-composite-strategy-a-new-team/googletest/googletest/include/gtest/gtest-printers.h: In function ‘void testing::internal::PrintTo(int)’:
/home/csmajs/cgent003/lab-03-composite-strategy-a-new-team/googletest/googletest/include/gtest/gtest-printers.h:665:4: error: ‘os’ was not declared in this scope
   *os << "(";
    ^
/home/csmajs/cgent003/lab-03-composite-strategy-a-new-team/googletest/googletest/include/gtest/gtest-printers.h:666:16: error: ‘t’ was not declared in this scope
   PrintTupleTo(t, std::integral_constant<size_t, sizeof...(Types)>(), os);
                ^
/home/csmajs/cgent003/lab-03-composite-strategy-a-new-team/googletest/googletest/include/gtest/gtest-printers.h:666:19: error: ‘integral_constant’ is not a member of ‘std’
   PrintTupleTo(t, std::integral_constant<size_t, sizeof...(Types)>(), os);
                   ^
/home/csmajs/cgent003/lab-03-composite-strategy-a-new-team/googletest/googletest/include/gtest/gtest-printers.h:666:48: error: expected primary-expression before ‘,’ token
   PrintTupleTo(t, std::integral_constant<size_t, sizeof...(Types)>(), os);
                                                ^
/home/csmajs/cgent003/lab-03-composite-strategy-a-new-team/googletest/googletest/include/gtest/gtest-printers.h:666:68: error: expected primary-expression before ‘)’ token
   PrintTupleTo(t, std::integral_constant<size_t, sizeof...(Types)>(), os);
                                                                    ^
/home/csmajs/cgent003/lab-03-composite-strategy-a-new-team/googletest/googletest/include/gtest/gtest-printers.h: In static member function ‘static void testing::internal::UniversalTersePrinter<const char*>::Print(const char*, std::ostream*)’:
/home/csmajs/cgent003/lab-03-composite-strategy-a-new-team/googletest/googletest/include/gtest/gtest-printers.h:843:16: error: ‘nullptr’ was not declared in this scope
     if (str == nullptr) {
                ^
/home/csmajs/cgent003/lab-03-composite-strategy-a-new-team/googletest/googletest/include/gtest/gtest-printers.h: In static member function ‘static void testing::internal::UniversalTersePrinter<const wchar_t*>::Print(const wchar_t*, std::ostream*)’:
/home/csmajs/cgent003/lab-03-composite-strategy-a-new-team/googletest/googletest/include/gtest/gtest-printers.h:863:16: error: ‘nullptr’ was not declared in this scope
     if (str == nullptr) {
                ^
/home/csmajs/cgent003/lab-03-composite-strategy-a-new-team/googletest/googletest/include/gtest/gtest-printers.h: At global scope:
/home/csmajs/cgent003/lab-03-composite-strategy-a-new-team/googletest/googletest/include/gtest/gtest-printers.h:902:51: error: ‘std::integral_constant’ has not been declared
 void TersePrintPrefixToStrings(const Tuple&, std::integral_constant<size_t, 0>,
                                                   ^
/home/csmajs/cgent003/lab-03-composite-strategy-a-new-team/googletest/googletest/include/gtest/gtest-printers.h:902:68: error: expected ‘,’ or ‘...’ before ‘<’ token
 void TersePrintPrefixToStrings(const Tuple&, std::integral_constant<size_t, 0>,
                                                                    ^
/home/csmajs/cgent003/lab-03-composite-strategy-a-new-team/googletest/googletest/include/gtest/gtest-printers.h:906:37: error: ‘std::integral_constant’ has not been declared
                                std::integral_constant<size_t, I>,
                                     ^
/home/csmajs/cgent003/lab-03-composite-strategy-a-new-team/googletest/googletest/include/gtest/gtest-printers.h:906:54: error: expected ‘,’ or ‘...’ before ‘<’ token
                                std::integral_constant<size_t, I>,
                                                      ^
/home/csmajs/cgent003/lab-03-composite-strategy-a-new-team/googletest/googletest/include/gtest/gtest-printers.h: In function ‘void testing::internal::TersePrintPrefixToStrings(const Tuple&, int)’:
/home/csmajs/cgent003/lab-03-composite-strategy-a-new-team/googletest/googletest/include/gtest/gtest-printers.h:908:32: error: ‘integral_constant’ is not a member of ‘std’
   TersePrintPrefixToStrings(t, std::integral_constant<size_t, I - 1>(),
                                ^
/home/csmajs/cgent003/lab-03-composite-strategy-a-new-team/googletest/googletest/include/gtest/gtest-printers.h:908:61: error: expected primary-expression before ‘,’ token
   TersePrintPrefixToStrings(t, std::integral_constant<size_t, I - 1>(),
                                                             ^
/home/csmajs/cgent003/lab-03-composite-strategy-a-new-team/googletest/googletest/include/gtest/gtest-printers.h:908:70: error: expected primary-expression before ‘)’ token
   TersePrintPrefixToStrings(t, std::integral_constant<size_t, I - 1>(),
                                                                      ^
/home/csmajs/cgent003/lab-03-composite-strategy-a-new-team/googletest/googletest/include/gtest/gtest-printers.h:909:29: error: ‘strings’ was not declared in this scope
                             strings);
                             ^
/home/csmajs/cgent003/lab-03-composite-strategy-a-new-team/googletest/googletest/include/gtest/gtest-printers.h:911:23: error: ‘get’ is not a member of ‘std’
   UniversalTersePrint(std::get<I - 1>(t), &ss);
                       ^
/home/csmajs/cgent003/lab-03-composite-strategy-a-new-team/googletest/googletest/include/gtest/gtest-printers.h: In function ‘testing::internal::Strings testing::internal::UniversalTersePrintTupleFieldsToStrings(const Tuple&)’:
/home/csmajs/cgent003/lab-03-composite-strategy-a-new-team/googletest/googletest/include/gtest/gtest-printers.h:922:14: error: ‘integral_constant’ is not a member of ‘std’
       value, std::integral_constant<size_t, std::tuple_size<Tuple>::value>(),
              ^
/home/csmajs/cgent003/lab-03-composite-strategy-a-new-team/googletest/googletest/include/gtest/gtest-printers.h:922:43: error: expected primary-expression before ‘,’ token
       value, std::integral_constant<size_t, std::tuple_size<Tuple>::value>(),
                                           ^
/home/csmajs/cgent003/lab-03-composite-strategy-a-new-team/googletest/googletest/include/gtest/gtest-printers.h:922:45: error: ‘tuple_size’ is not a member of ‘std’
       value, std::integral_constant<size_t, std::tuple_size<Tuple>::value>(),
                                             ^
/home/csmajs/cgent003/lab-03-composite-strategy-a-new-team/googletest/googletest/include/gtest/gtest-printers.h:922:66: error: expected primary-expression before ‘>’ token
       value, std::integral_constant<size_t, std::tuple_size<Tuple>::value>(),
                                                                  ^
/home/csmajs/cgent003/lab-03-composite-strategy-a-new-team/googletest/googletest/include/gtest/gtest-printers.h:922:67: error: ‘::value’ has not been declared
       value, std::integral_constant<size_t, std::tuple_size<Tuple>::value>(),
                                                                   ^
/home/csmajs/cgent003/lab-03-composite-strategy-a-new-team/googletest/googletest/include/gtest/gtest-printers.h:922:76: error: expected primary-expression before ‘)’ token
       value, std::integral_constant<size_t, std::tuple_size<Tuple>::value>(),
                                                                            ^
In file included from /home/csmajs/cgent003/lab-03-composite-strategy-a-new-team/googletest/googletest/include/gtest/gtest-param-test.h:188:0,
                 from /home/csmajs/cgent003/lab-03-composite-strategy-a-new-team/googletest/googletest/include/gtest/gtest.h:63,
                 from /home/csmajs/cgent003/lab-03-composite-strategy-a-new-team/test.cpp:6:
/home/csmajs/cgent003/lab-03-composite-strategy-a-new-team/googletest/googletest/include/gtest/internal/gtest-param-util.h: In member function ‘virtual const T* testing::internal::ValuesInIteratorRangeGenerator<T>::Iterator::Current() const’:
/home/csmajs/cgent003/lab-03-composite-strategy-a-new-team/googletest/googletest/include/gtest/internal/gtest-param-util.h:331:27 error: ‘nullptr’ was not declared in this scope
       if (value_.get() == nullptr) value_.reset(new T(*iterator_));
                           ^
/home/csmajs/cgent003/lab-03-composite-strategy-a-new-team/googletest/googletest/include/gtest/internal/gtest-param-util.h: In member function ‘virtual void testing::internal::ParameterizedTestCaseInfo<TestCase>::RegisterTests()’:
/home/csmajs/cgent003/lab-03-composite-strategy-a-new-team/googletest/googletest/include/gtest/internal/gtest-param-util.h:583:15 error: ‘nullptr’ was not declared in this scope
               nullptr,  // No type parameter.
               ^
/home/csmajs/cgent003/lab-03-composite-strategy-a-new-team/googletest/googletest/include/gtest/internal/gtest-param-util.h: In member function ‘testing::internal::ParameterizedTestCaseInfo<TestCase>* testing::internal::ParameterizedTestCaseRegistry::GetTestCasePatternHolder(const char*, testing::internal::CodeLocation)’:
/home/csmajs/cgent003/lab-03-composite-strategy-a-new-team/googletest/googletest/include/gtest/internal/gtest-param-util.h:676:60 error: ‘nullptr’ was not declared in this scope
     ParameterizedTestCaseInfo<TestCase>* typed_test_info = nullptr;
                                                            ^
/home/csmajs/cgent003/lab-03-composite-strategy-a-new-team/googletest/googletest/include/gtest/internal/gtest-param-util.h:685:11 error: ‘Abort’ is not a member of ‘testing::internal::posix’
           posix::Abort();
           ^
/home/csmajs/cgent003/lab-03-composite-strategy-a-new-team/googletest/googletest/include/gtest/internal/gtest-param-util.h: In constructor ‘testing::internal::ValueArray<Ts>::ValueArray(Ts ...)’:
/home/csmajs/cgent003/lab-03-composite-strategy-a-new-team/googletest/googletest/include/gtest/internal/gtest-param-util.h:732:28 error: ‘move’ is not a member of ‘std’
   ValueArray(Ts... v) : v_{std::move(v)...} {}
                            ^
In file included from /home/csmajs/cgent003/lab-03-composite-strategy-a-new-team/googletest/googletest/include/gtest/gtest-param-test.h:189:0,
                 from /home/csmajs/cgent003/lab-03-composite-strategy-a-new-team/googletest/googletest/include/gtest/gtest.h:63,
                 from /home/csmajs/cgent003/lab-03-composite-strategy-a-new-team/test.cpp:6:
/home/csmajs/cgent003/lab-03-composite-strategy-a-new-team/googletest/googletest/include/gtest/internal/gtest-param-util-generated.h: At global scope:
/home/csmajs/cgent003/lab-03-composite-strategy-a-new-team/googletest/googletest/include/gtest/internal/gtest-param-util-generated.h:63:39: error: ‘tuple’ is not a member of ‘std’
     : public ParamGeneratorInterface< ::std::tuple<T1, T2> > {
                                       ^
/home/csmajs/cgent003/lab-03-composite-strategy-a-new-team/googletest/googletest/include/gtest/internal/gtest-param-util-generated.h:63:39: error: ‘tuple’ is not a member of ‘std’
/home/csmajs/cgent003/lab-03-composite-strategy-a-new-team/googletest/googletest/include/gtest/internal/gtest-param-util-generated.h:63:58: error: wrong number of template arguments (2, should be 1)
     : public ParamGeneratorInterface< ::std::tuple<T1, T2> > {
                                                          ^
In file included from /home/csmajs/cgent003/lab-03-composite-strategy-a-new-team/googletest/googletest/include/gtest/gtest-param-test.h:188:0,
                 from /home/csmajs/cgent003/lab-03-composite-strategy-a-new-team/googletest/googletest/include/gtest/gtest.h:63,
                 from /home/csmajs/cgent003/lab-03-composite-strategy-a-new-team/test.cpp:6:
/home/csmajs/cgent003/lab-03-composite-strategy-a-new-team/googletest/googletest/include/gtest/internal/gtest-param-util.h:84:27:error: provided for ‘template<class> class testing::internal::ParamGeneratorInterface’
 template <typename> class ParamGeneratorInterface;
                           ^
In file included from /home/csmajs/cgent003/lab-03-composite-strategy-a-new-team/googletest/googletest/include/gtest/gtest-param-test.h:189:0,
                 from /home/csmajs/cgent003/lab-03-composite-strategy-a-new-team/googletest/googletest/include/gtest/gtest.h:63,
                 from /home/csmajs/cgent003/lab-03-composite-strategy-a-new-team/test.cpp:6:
/home/csmajs/cgent003/lab-03-composite-strategy-a-new-team/googletest/googletest/include/gtest/internal/gtest-param-util-generated.h:63:60: error: expected ‘{’ before ‘>’ token
     : public ParamGeneratorInterface< ::std::tuple<T1, T2> > {
                                                            ^
/home/csmajs/cgent003/lab-03-composite-strategy-a-new-team/googletest/googletest/include/gtest/internal/gtest-param-util-generated.h:63:60: error: expected unqualified-id before ‘>’ token
/home/csmajs/cgent003/lab-03-composite-strategy-a-new-team/googletest/googletest/include/gtest/internal/gtest-param-util-generated.h:178:39: error: ‘tuple’ is not a member of ‘std’
     : public ParamGeneratorInterface< ::std::tuple<T1, T2, T3> > {
                                       ^
/home/csmajs/cgent003/lab-03-composite-strategy-a-new-team/googletest/googletest/include/gtest/internal/gtest-param-util-generated.h:178:39: error: ‘tuple’ is not a member of ‘std’
/home/csmajs/cgent003/lab-03-composite-strategy-a-new-team/googletest/googletest/include/gtest/internal/gtest-param-util-generated.h:178:62: error: wrong number of template arguments (3, should be 1)
     : public ParamGeneratorInterface< ::std::tuple<T1, T2, T3> > {
                                                              ^
In file included from /home/csmajs/cgent003/lab-03-composite-strategy-a-new-team/googletest/googletest/include/gtest/gtest-param-test.h:188:0,
                 from /home/csmajs/cgent003/lab-03-composite-strategy-a-new-team/googletest/googletest/include/gtest/gtest.h:63,
                 from /home/csmajs/cgent003/lab-03-composite-strategy-a-new-team/test.cpp:6:
/home/csmajs/cgent003/lab-03-composite-strategy-a-new-team/googletest/googletest/include/gtest/internal/gtest-param-util.h:84:27:error: provided for ‘template<class> class testing::internal::ParamGeneratorInterface’
 template <typename> class ParamGeneratorInterface;
                           ^
In file included from /home/csmajs/cgent003/lab-03-composite-strategy-a-new-team/googletest/googletest/include/gtest/gtest-param-test.h:189:0,
                 from /home/csmajs/cgent003/lab-03-composite-strategy-a-new-team/googletest/googletest/include/gtest/gtest.h:63,
                 from /home/csmajs/cgent003/lab-03-composite-strategy-a-new-team/test.cpp:6:
/home/csmajs/cgent003/lab-03-composite-strategy-a-new-team/googletest/googletest/include/gtest/internal/gtest-param-util-generated.h:178:64: error: expected ‘{’ before ‘>’ token
     : public ParamGeneratorInterface< ::std::tuple<T1, T2, T3> > {
                                                                ^
/home/csmajs/cgent003/lab-03-composite-strategy-a-new-team/googletest/googletest/include/gtest/internal/gtest-param-util-generated.h:178:64: error: expected unqualified-id before ‘>’ token
/home/csmajs/cgent003/lab-03-composite-strategy-a-new-team/googletest/googletest/include/gtest/internal/gtest-param-util-generated.h:310:39: error: ‘tuple’ is not a member of ‘std’
     : public ParamGeneratorInterface< ::std::tuple<T1, T2, T3, T4> > {
                                       ^
/home/csmajs/cgent003/lab-03-composite-strategy-a-new-team/googletest/googletest/include/gtest/internal/gtest-param-util-generated.h:310:39: error: ‘tuple’ is not a member of ‘std’
/home/csmajs/cgent003/lab-03-composite-strategy-a-new-team/googletest/googletest/include/gtest/internal/gtest-param-util-generated.h:310:66: error: wrong number of template arguments (4, should be 1)
     : public ParamGeneratorInterface< ::std::tuple<T1, T2, T3, T4> > {
                                                                  ^
In file included from /home/csmajs/cgent003/lab-03-composite-strategy-a-new-team/googletest/googletest/include/gtest/gtest-param-test.h:188:0,
                 from /home/csmajs/cgent003/lab-03-composite-strategy-a-new-team/googletest/googletest/include/gtest/gtest.h:63,
                 from /home/csmajs/cgent003/lab-03-composite-strategy-a-new-team/test.cpp:6:
/home/csmajs/cgent003/lab-03-composite-strategy-a-new-team/googletest/googletest/include/gtest/internal/gtest-param-util.h:84:27:error: provided for ‘template<class> class testing::internal::ParamGeneratorInterface’
 template <typename> class ParamGeneratorInterface;
                           ^
In file included from /home/csmajs/cgent003/lab-03-composite-strategy-a-new-team/googletest/googletest/include/gtest/gtest-param-test.h:189:0,
                 from /home/csmajs/cgent003/lab-03-composite-strategy-a-new-team/googletest/googletest/include/gtest/gtest.h:63,
                 from /home/csmajs/cgent003/lab-03-composite-strategy-a-new-team/test.cpp:6:
/home/csmajs/cgent003/lab-03-composite-strategy-a-new-team/googletest/googletest/include/gtest/internal/gtest-param-util-generated.h:310:68: error: expected ‘{’ before ‘>’ token
     : public ParamGeneratorInterface< ::std::tuple<T1, T2, T3, T4> > {
                                                                    ^
/home/csmajs/cgent003/lab-03-composite-strategy-a-new-team/googletest/googletest/include/gtest/internal/gtest-param-util-generated.h:310:68: error: expected unqualified-id before ‘>’ token
/home/csmajs/cgent003/lab-03-composite-strategy-a-new-team/googletest/googletest/include/gtest/internal/gtest-param-util-generated.h:461:39: error: ‘tuple’ is not a member of ‘std’
     : public ParamGeneratorInterface< ::std::tuple<T1, T2, T3, T4, T5> > {
                                       ^
/home/csmajs/cgent003/lab-03-composite-strategy-a-new-team/googletest/googletest/include/gtest/internal/gtest-param-util-generated.h:461:39: error: ‘tuple’ is not a member of ‘std’
/home/csmajs/cgent003/lab-03-composite-strategy-a-new-team/googletest/googletest/include/gtest/internal/gtest-param-util-generated.h:461:70: error: wrong number of template arguments (5, should be 1)
     : public ParamGeneratorInterface< ::std::tuple<T1, T2, T3, T4, T5> > {
                                                                      ^
In file included from /home/csmajs/cgent003/lab-03-composite-strategy-a-new-team/googletest/googletest/include/gtest/gtest-param-test.h:188:0,
                 from /home/csmajs/cgent003/lab-03-composite-strategy-a-new-team/googletest/googletest/include/gtest/gtest.h:63,
                 from /home/csmajs/cgent003/lab-03-composite-strategy-a-new-team/test.cpp:6:
/home/csmajs/cgent003/lab-03-composite-strategy-a-new-team/googletest/googletest/include/gtest/internal/gtest-param-util.h:84:27:error: provided for ‘template<class> class testing::internal::ParamGeneratorInterface’
 template <typename> class ParamGeneratorInterface;
                           ^
In file included from /home/csmajs/cgent003/lab-03-composite-strategy-a-new-team/googletest/googletest/include/gtest/gtest-param-test.h:189:0,
                 from /home/csmajs/cgent003/lab-03-composite-strategy-a-new-team/googletest/googletest/include/gtest/gtest.h:63,
                 from /home/csmajs/cgent003/lab-03-composite-strategy-a-new-team/test.cpp:6:
/home/csmajs/cgent003/lab-03-composite-strategy-a-new-team/googletest/googletest/include/gtest/internal/gtest-param-util-generated.h:461:72: error: expected ‘{’ before ‘>’ token
     : public ParamGeneratorInterface< ::std::tuple<T1, T2, T3, T4, T5> > {
                                                                        ^
/home/csmajs/cgent003/lab-03-composite-strategy-a-new-team/googletest/googletest/include/gtest/internal/gtest-param-util-generated.h:461:72: error: expected unqualified-id before ‘>’ token
/home/csmajs/cgent003/lab-03-composite-strategy-a-new-team/googletest/googletest/include/gtest/internal/gtest-param-util-generated.h:629:39: error: ‘tuple’ is not a member of ‘std’
     : public ParamGeneratorInterface< ::std::tuple<T1, T2, T3, T4, T5, T6> > {
                                       ^
/home/csmajs/cgent003/lab-03-composite-strategy-a-new-team/googletest/googletest/include/gtest/internal/gtest-param-util-generated.h:629:39: error: ‘tuple’ is not a member of ‘std’
/home/csmajs/cgent003/lab-03-composite-strategy-a-new-team/googletest/googletest/include/gtest/internal/gtest-param-util-generated.h:629:74: error: wrong number of template arguments (6, should be 1)
     : public ParamGeneratorInterface< ::std::tuple<T1, T2, T3, T4, T5, T6> > {
                                                                          ^
In file included from /home/csmajs/cgent003/lab-03-composite-strategy-a-new-team/googletest/googletest/include/gtest/gtest-param-test.h:188:0,
                 from /home/csmajs/cgent003/lab-03-composite-strategy-a-new-team/googletest/googletest/include/gtest/gtest.h:63,
                 from /home/csmajs/cgent003/lab-03-composite-strategy-a-new-team/test.cpp:6:
/home/csmajs/cgent003/lab-03-composite-strategy-a-new-team/googletest/googletest/include/gtest/internal/gtest-param-util.h:84:27:error: provided for ‘template<class> class testing::internal::ParamGeneratorInterface’
 template <typename> class ParamGeneratorInterface;
                           ^
In file included from /home/csmajs/cgent003/lab-03-composite-strategy-a-new-team/googletest/googletest/include/gtest/gtest-param-test.h:189:0,
                 from /home/csmajs/cgent003/lab-03-composite-strategy-a-new-team/googletest/googletest/include/gtest/gtest.h:63,
                 from /home/csmajs/cgent003/lab-03-composite-strategy-a-new-team/test.cpp:6:
/home/csmajs/cgent003/lab-03-composite-strategy-a-new-team/googletest/googletest/include/gtest/internal/gtest-param-util-generated.h:629:76: error: expected ‘{’ before ‘>’ token
     : public ParamGeneratorInterface< ::std::tuple<T1, T2, T3, T4, T5, T6> > {
                                                                            ^
/home/csmajs/cgent003/lab-03-composite-strategy-a-new-team/googletest/googletest/include/gtest/internal/gtest-param-util-generated.h:629:76: error: expected unqualified-id before ‘>’ token
/home/csmajs/cgent003/lab-03-composite-strategy-a-new-team/googletest/googletest/include/gtest/internal/gtest-param-util-generated.h:814:39: error: ‘tuple’ is not a member of ‘std’
     : public ParamGeneratorInterface< ::std::tuple<T1, T2, T3, T4, T5, T6,
                                       ^
/home/csmajs/cgent003/lab-03-composite-strategy-a-new-team/googletest/googletest/include/gtest/internal/gtest-param-util-generated.h:814:39: error: ‘tuple’ is not a member of ‘std’
/home/csmajs/cgent003/lab-03-composite-strategy-a-new-team/googletest/googletest/include/gtest/internal/gtest-param-util-generated.h:815:11: error: wrong number of template arguments (7, should be 1)
         T7> > {
           ^
In file included from /home/csmajs/cgent003/lab-03-composite-strategy-a-new-team/googletest/googletest/include/gtest/gtest-param-test.h:188:0,
                 from /home/csmajs/cgent003/lab-03-composite-strategy-a-new-team/googletest/googletest/include/gtest/gtest.h:63,
                 from /home/csmajs/cgent003/lab-03-composite-strategy-a-new-team/test.cpp:6:
/home/csmajs/cgent003/lab-03-composite-strategy-a-new-team/googletest/googletest/include/gtest/internal/gtest-param-util.h:84:27:error: provided for ‘template<class> class testing::internal::ParamGeneratorInterface’
 template <typename> class ParamGeneratorInterface;
                           ^
In file included from /home/csmajs/cgent003/lab-03-composite-strategy-a-new-team/googletest/googletest/include/gtest/gtest-param-test.h:189:0,
                 from /home/csmajs/cgent003/lab-03-composite-strategy-a-new-team/googletest/googletest/include/gtest/gtest.h:63,
                 from /home/csmajs/cgent003/lab-03-composite-strategy-a-new-team/test.cpp:6:
/home/csmajs/cgent003/lab-03-composite-strategy-a-new-team/googletest/googletest/include/gtest/internal/gtest-param-util-generated.h:815:13: error: expected ‘{’ before ‘>’ token
         T7> > {
             ^
/home/csmajs/cgent003/lab-03-composite-strategy-a-new-team/googletest/googletest/include/gtest/internal/gtest-param-util-generated.h:815:13: error: expected unqualified-id before ‘>’ token
/home/csmajs/cgent003/lab-03-composite-strategy-a-new-team/googletest/googletest/include/gtest/internal/gtest-param-util-generated.h:1017:39: error: ‘tuple’ is not a member of ‘std’
     : public ParamGeneratorInterface< ::std::tuple<T1, T2, T3, T4, T5, T6, T7,
                                       ^
/home/csmajs/cgent003/lab-03-composite-strategy-a-new-team/googletest/googletest/include/gtest/internal/gtest-param-util-generated.h:1017:39: error: ‘tuple’ is not a member of ‘std’
/home/csmajs/cgent003/lab-03-composite-strategy-a-new-team/googletest/googletest/include/gtest/internal/gtest-param-util-generated.h:1018:11: error: wrong number of template arguments (8, should be 1)
         T8> > {
           ^
In file included from /home/csmajs/cgent003/lab-03-composite-strategy-a-new-team/googletest/googletest/include/gtest/gtest-param-test.h:188:0,
                 from /home/csmajs/cgent003/lab-03-composite-strategy-a-new-team/googletest/googletest/include/gtest/gtest.h:63,
                 from /home/csmajs/cgent003/lab-03-composite-strategy-a-new-team/test.cpp:6:
/home/csmajs/cgent003/lab-03-composite-strategy-a-new-team/googletest/googletest/include/gtest/internal/gtest-param-util.h:84:27:error: provided for ‘template<class> class testing::internal::ParamGeneratorInterface’
 template <typename> class ParamGeneratorInterface;
                           ^
In file included from /home/csmajs/cgent003/lab-03-composite-strategy-a-new-team/googletest/googletest/include/gtest/gtest-param-test.h:189:0,
                 from /home/csmajs/cgent003/lab-03-composite-strategy-a-new-team/googletest/googletest/include/gtest/gtest.h:63,
                 from /home/csmajs/cgent003/lab-03-composite-strategy-a-new-team/test.cpp:6:
/home/csmajs/cgent003/lab-03-composite-strategy-a-new-team/googletest/googletest/include/gtest/internal/gtest-param-util-generated.h:1018:13: error: expected ‘{’ before ‘>’ token
         T8> > {
             ^
/home/csmajs/cgent003/lab-03-composite-strategy-a-new-team/googletest/googletest/include/gtest/internal/gtest-param-util-generated.h:1018:13: error: expected unqualified-id before ‘>’ token
/home/csmajs/cgent003/lab-03-composite-strategy-a-new-team/googletest/googletest/include/gtest/internal/gtest-param-util-generated.h:1239:39: error: ‘tuple’ is not a member of ‘std’
     : public ParamGeneratorInterface< ::std::tuple<T1, T2, T3, T4, T5, T6, T7,
                                       ^
/home/csmajs/cgent003/lab-03-composite-strategy-a-new-team/googletest/googletest/include/gtest/internal/gtest-param-util-generated.h:1239:39: error: ‘tuple’ is not a member of ‘std’
/home/csmajs/cgent003/lab-03-composite-strategy-a-new-team/googletest/googletest/include/gtest/internal/gtest-param-util-generated.h:1240:15: error: wrong number of template arguments (9, should be 1)
         T8, T9> > {
               ^
In file included from /home/csmajs/cgent003/lab-03-composite-strategy-a-new-team/googletest/googletest/include/gtest/gtest-param-test.h:188:0,
                 from /home/csmajs/cgent003/lab-03-composite-strategy-a-new-team/googletest/googletest/include/gtest/gtest.h:63,
                 from /home/csmajs/cgent003/lab-03-composite-strategy-a-new-team/test.cpp:6:
/home/csmajs/cgent003/lab-03-composite-strategy-a-new-team/googletest/googletest/include/gtest/internal/gtest-param-util.h:84:27:error: provided for ‘template<class> class testing::internal::ParamGeneratorInterface’
 template <typename> class ParamGeneratorInterface;
                           ^
In file included from /home/csmajs/cgent003/lab-03-composite-strategy-a-new-team/googletest/googletest/include/gtest/gtest-param-test.h:189:0,
                 from /home/csmajs/cgent003/lab-03-composite-strategy-a-new-team/googletest/googletest/include/gtest/gtest.h:63,
                 from /home/csmajs/cgent003/lab-03-composite-strategy-a-new-team/test.cpp:6:
/home/csmajs/cgent003/lab-03-composite-strategy-a-new-team/googletest/googletest/include/gtest/internal/gtest-param-util-generated.h:1240:17: error: expected ‘{’ before ‘>’ token
         T8, T9> > {
                 ^
/home/csmajs/cgent003/lab-03-composite-strategy-a-new-team/googletest/googletest/include/gtest/internal/gtest-param-util-generated.h:1240:17: error: expected unqualified-id before ‘>’ token
/home/csmajs/cgent003/lab-03-composite-strategy-a-new-team/googletest/googletest/include/gtest/internal/gtest-param-util-generated.h:1478:39: error: ‘tuple’ is not a member of ‘std’
     : public ParamGeneratorInterface< ::std::tuple<T1, T2, T3, T4, T5, T6, T7,
                                       ^
/home/csmajs/cgent003/lab-03-composite-strategy-a-new-team/googletest/googletest/include/gtest/internal/gtest-param-util-generated.h:1478:39: error: ‘tuple’ is not a member of ‘std’
/home/csmajs/cgent003/lab-03-composite-strategy-a-new-team/googletest/googletest/include/gtest/internal/gtest-param-util-generated.h:1479:20: error: wrong number of template arguments (10, should be 1)
         T8, T9, T10> > {
                    ^
In file included from /home/csmajs/cgent003/lab-03-composite-strategy-a-new-team/googletest/googletest/include/gtest/gtest-param-test.h:188:0,
                 from /home/csmajs/cgent003/lab-03-composite-strategy-a-new-team/googletest/googletest/include/gtest/gtest.h:63,
                 from /home/csmajs/cgent003/lab-03-composite-strategy-a-new-team/test.cpp:6:
/home/csmajs/cgent003/lab-03-composite-strategy-a-new-team/googletest/googletest/include/gtest/internal/gtest-param-util.h:84:27:error: provided for ‘template<class> class testing::internal::ParamGeneratorInterface’
 template <typename> class ParamGeneratorInterface;
                           ^
In file included from /home/csmajs/cgent003/lab-03-composite-strategy-a-new-team/googletest/googletest/include/gtest/gtest-param-test.h:189:0,
                 from /home/csmajs/cgent003/lab-03-composite-strategy-a-new-team/googletest/googletest/include/gtest/gtest.h:63,
                 from /home/csmajs/cgent003/lab-03-composite-strategy-a-new-team/test.cpp:6:
/home/csmajs/cgent003/lab-03-composite-strategy-a-new-team/googletest/googletest/include/gtest/internal/gtest-param-util-generated.h:1479:22: error: expected ‘{’ before ‘>’ token
         T8, T9, T10> > {
                      ^
/home/csmajs/cgent003/lab-03-composite-strategy-a-new-team/googletest/googletest/include/gtest/internal/gtest-param-util-generated.h:1479:22: error: expected unqualified-id before ‘>’ token
/home/csmajs/cgent003/lab-03-composite-strategy-a-new-team/googletest/googletest/include/gtest/internal/gtest-param-util-generated.h:1743:28: error: ‘tuple’ is not a member of ‘std’
   operator ParamGenerator< ::std::tuple<T1, T2> >() const {
                            ^
/home/csmajs/cgent003/lab-03-composite-strategy-a-new-team/googletest/googletest/include/gtest/internal/gtest-param-util-generated.h:1743:28: error: ‘tuple’ is not a member of ‘std’
/home/csmajs/cgent003/lab-03-composite-strategy-a-new-team/googletest/googletest/include/gtest/internal/gtest-param-util-generated.h:1743:47: error: wrong number of template arguments (2, should be 1)
   operator ParamGenerator< ::std::tuple<T1, T2> >() const {
                                               ^
In file included from /home/csmajs/cgent003/lab-03-composite-strategy-a-new-team/googletest/googletest/include/gtest/gtest-param-test.h:188:0,
                 from /home/csmajs/cgent003/lab-03-composite-strategy-a-new-team/googletest/googletest/include/gtest/gtest.h:63,
                 from /home/csmajs/cgent003/lab-03-composite-strategy-a-new-team/test.cpp:6:
/home/csmajs/cgent003/lab-03-composite-strategy-a-new-team/googletest/googletest/include/gtest/internal/gtest-param-util.h:85:27:error: provided for ‘template<class> class testing::internal::ParamGenerator’
 template <typename> class ParamGenerator;
                           ^
In file included from /home/csmajs/cgent003/lab-03-composite-strategy-a-new-team/googletest/googletest/include/gtest/gtest-param-test.h:189:0,
                 from /home/csmajs/cgent003/lab-03-composite-strategy-a-new-team/googletest/googletest/include/gtest/gtest.h:63,
                 from /home/csmajs/cgent003/lab-03-composite-strategy-a-new-team/test.cpp:6:
/home/csmajs/cgent003/lab-03-composite-strategy-a-new-team/googletest/googletest/include/gtest/internal/gtest-param-util-generated.h:1743:3: error: ‘<expression error>’ does not name a type
   operator ParamGenerator< ::std::tuple<T1, T2> >() const {
   ^
/home/csmajs/cgent003/lab-03-composite-strategy-a-new-team/googletest/googletest/include/gtest/internal/gtest-param-util-generated.h:1765:28: error: ‘tuple’ is not a member of ‘std’
   operator ParamGenerator< ::std::tuple<T1, T2, T3> >() const {
                            ^
/home/csmajs/cgent003/lab-03-composite-strategy-a-new-team/googletest/googletest/include/gtest/internal/gtest-param-util-generated.h:1765:28: error: ‘tuple’ is not a member of ‘std’
/home/csmajs/cgent003/lab-03-composite-strategy-a-new-team/googletest/googletest/include/gtest/internal/gtest-param-util-generated.h:1765:51: error: wrong number of template arguments (3, should be 1)
   operator ParamGenerator< ::std::tuple<T1, T2, T3> >() const {
                                                   ^
In file included from /home/csmajs/cgent003/lab-03-composite-strategy-a-new-team/googletest/googletest/include/gtest/gtest-param-test.h:188:0,
                 from /home/csmajs/cgent003/lab-03-composite-strategy-a-new-team/googletest/googletest/include/gtest/gtest.h:63,
                 from /home/csmajs/cgent003/lab-03-composite-strategy-a-new-team/test.cpp:6:
/home/csmajs/cgent003/lab-03-composite-strategy-a-new-team/googletest/googletest/include/gtest/internal/gtest-param-util.h:85:27:error: provided for ‘template<class> class testing::internal::ParamGenerator’
 template <typename> class ParamGenerator;
                           ^
In file included from /home/csmajs/cgent003/lab-03-composite-strategy-a-new-team/googletest/googletest/include/gtest/gtest-param-test.h:189:0,
                 from /home/csmajs/cgent003/lab-03-composite-strategy-a-new-team/googletest/googletest/include/gtest/gtest.h:63,
                 from /home/csmajs/cgent003/lab-03-composite-strategy-a-new-team/test.cpp:6:
/home/csmajs/cgent003/lab-03-composite-strategy-a-new-team/googletest/googletest/include/gtest/internal/gtest-param-util-generated.h:1765:3: error: ‘<expression error>’ does not name a type
   operator ParamGenerator< ::std::tuple<T1, T2, T3> >() const {
   ^
/home/csmajs/cgent003/lab-03-composite-strategy-a-new-team/googletest/googletest/include/gtest/internal/gtest-param-util-generated.h:1790:28: error: ‘tuple’ is not a member of ‘std’
   operator ParamGenerator< ::std::tuple<T1, T2, T3, T4> >() const {
                            ^
/home/csmajs/cgent003/lab-03-composite-strategy-a-new-team/googletest/googletest/include/gtest/internal/gtest-param-util-generated.h:1790:28: error: ‘tuple’ is not a member of ‘std’
/home/csmajs/cgent003/lab-03-composite-strategy-a-new-team/googletest/googletest/include/gtest/internal/gtest-param-util-generated.h:1790:55: error: wrong number of template arguments (4, should be 1)
   operator ParamGenerator< ::std::tuple<T1, T2, T3, T4> >() const {
                                                       ^
In file included from /home/csmajs/cgent003/lab-03-composite-strategy-a-new-team/googletest/googletest/include/gtest/gtest-param-test.h:188:0,
                 from /home/csmajs/cgent003/lab-03-composite-strategy-a-new-team/googletest/googletest/include/gtest/gtest.h:63,
                 from /home/csmajs/cgent003/lab-03-composite-strategy-a-new-team/test.cpp:6:
/home/csmajs/cgent003/lab-03-composite-strategy-a-new-team/googletest/googletest/include/gtest/internal/gtest-param-util.h:85:27:error: provided for ‘template<class> class testing::internal::ParamGenerator’
 template <typename> class ParamGenerator;
                           ^
In file included from /home/csmajs/cgent003/lab-03-composite-strategy-a-new-team/googletest/googletest/include/gtest/gtest-param-test.h:189:0,
                 from /home/csmajs/cgent003/lab-03-composite-strategy-a-new-team/googletest/googletest/include/gtest/gtest.h:63,
                 from /home/csmajs/cgent003/lab-03-composite-strategy-a-new-team/test.cpp:6:
/home/csmajs/cgent003/lab-03-composite-strategy-a-new-team/googletest/googletest/include/gtest/internal/gtest-param-util-generated.h:1790:3: error: ‘<expression error>’ does not name a type
   operator ParamGenerator< ::std::tuple<T1, T2, T3, T4> >() const {
   ^
/home/csmajs/cgent003/lab-03-composite-strategy-a-new-team/googletest/googletest/include/gtest/internal/gtest-param-util-generated.h:1817:28: error: ‘tuple’ is not a member of ‘std’
   operator ParamGenerator< ::std::tuple<T1, T2, T3, T4, T5> >() const {
                            ^
/home/csmajs/cgent003/lab-03-composite-strategy-a-new-team/googletest/googletest/include/gtest/internal/gtest-param-util-generated.h:1817:28: error: ‘tuple’ is not a member of ‘std’
/home/csmajs/cgent003/lab-03-composite-strategy-a-new-team/googletest/googletest/include/gtest/internal/gtest-param-util-generated.h:1817:59: error: wrong number of template arguments (5, should be 1)
   operator ParamGenerator< ::std::tuple<T1, T2, T3, T4, T5> >() const {
                                                           ^
In file included from /home/csmajs/cgent003/lab-03-composite-strategy-a-new-team/googletest/googletest/include/gtest/gtest-param-test.h:188:0,
                 from /home/csmajs/cgent003/lab-03-composite-strategy-a-new-team/googletest/googletest/include/gtest/gtest.h:63,
                 from /home/csmajs/cgent003/lab-03-composite-strategy-a-new-team/test.cpp:6:
/home/csmajs/cgent003/lab-03-composite-strategy-a-new-team/googletest/googletest/include/gtest/internal/gtest-param-util.h:85:27:error: provided for ‘template<class> class testing::internal::ParamGenerator’
 template <typename> class ParamGenerator;
                           ^
In file included from /home/csmajs/cgent003/lab-03-composite-strategy-a-new-team/googletest/googletest/include/gtest/gtest-param-test.h:189:0,
                 from /home/csmajs/cgent003/lab-03-composite-strategy-a-new-team/googletest/googletest/include/gtest/gtest.h:63,
                 from /home/csmajs/cgent003/lab-03-composite-strategy-a-new-team/test.cpp:6:
/home/csmajs/cgent003/lab-03-composite-strategy-a-new-team/googletest/googletest/include/gtest/internal/gtest-param-util-generated.h:1817:3: error: ‘<expression error>’ does not name a type
   operator ParamGenerator< ::std::tuple<T1, T2, T3, T4, T5> >() const {
   ^
/home/csmajs/cgent003/lab-03-composite-strategy-a-new-team/googletest/googletest/include/gtest/internal/gtest-param-util-generated.h:1848:28: error: ‘tuple’ is not a member of ‘std’
   operator ParamGenerator< ::std::tuple<T1, T2, T3, T4, T5, T6> >() const {
                            ^
/home/csmajs/cgent003/lab-03-composite-strategy-a-new-team/googletest/googletest/include/gtest/internal/gtest-param-util-generated.h:1848:28: error: ‘tuple’ is not a member of ‘std’
/home/csmajs/cgent003/lab-03-composite-strategy-a-new-team/googletest/googletest/include/gtest/internal/gtest-param-util-generated.h:1848:63: error: wrong number of template arguments (6, should be 1)
   operator ParamGenerator< ::std::tuple<T1, T2, T3, T4, T5, T6> >() const {
                                                               ^
In file included from /home/csmajs/cgent003/lab-03-composite-strategy-a-new-team/googletest/googletest/include/gtest/gtest-param-test.h:188:0,
                 from /home/csmajs/cgent003/lab-03-composite-strategy-a-new-team/googletest/googletest/include/gtest/gtest.h:63,
                 from /home/csmajs/cgent003/lab-03-composite-strategy-a-new-team/test.cpp:6:
/home/csmajs/cgent003/lab-03-composite-strategy-a-new-team/googletest/googletest/include/gtest/internal/gtest-param-util.h:85:27:error: provided for ‘template<class> class testing::internal::ParamGenerator’
 template <typename> class ParamGenerator;
                           ^
In file included from /home/csmajs/cgent003/lab-03-composite-strategy-a-new-team/googletest/googletest/include/gtest/gtest-param-test.h:189:0,
                 from /home/csmajs/cgent003/lab-03-composite-strategy-a-new-team/googletest/googletest/include/gtest/gtest.h:63,
                 from /home/csmajs/cgent003/lab-03-composite-strategy-a-new-team/test.cpp:6:
/home/csmajs/cgent003/lab-03-composite-strategy-a-new-team/googletest/googletest/include/gtest/internal/gtest-param-util-generated.h:1848:3: error: ‘<expression error>’ does not name a type
   operator ParamGenerator< ::std::tuple<T1, T2, T3, T4, T5, T6> >() const {
   ^
/home/csmajs/cgent003/lab-03-composite-strategy-a-new-team/googletest/googletest/include/gtest/internal/gtest-param-util-generated.h:1881:28: error: ‘tuple’ is not a member of ‘std’
   operator ParamGenerator< ::std::tuple<T1, T2, T3, T4, T5, T6, T7> >() const {
                            ^
/home/csmajs/cgent003/lab-03-composite-strategy-a-new-team/googletest/googletest/include/gtest/internal/gtest-param-util-generated.h:1881:28: error: ‘tuple’ is not a member of ‘std’
/home/csmajs/cgent003/lab-03-composite-strategy-a-new-team/googletest/googletest/include/gtest/internal/gtest-param-util-generated.h:1881:67: error: wrong number of template arguments (7, should be 1)
   operator ParamGenerator< ::std::tuple<T1, T2, T3, T4, T5, T6, T7> >() const {
                                                                   ^
In file included from /home/csmajs/cgent003/lab-03-composite-strategy-a-new-team/googletest/googletest/include/gtest/gtest-param-test.h:188:0,
                 from /home/csmajs/cgent003/lab-03-composite-strategy-a-new-team/googletest/googletest/include/gtest/gtest.h:63,
                 from /home/csmajs/cgent003/lab-03-composite-strategy-a-new-team/test.cpp:6:
/home/csmajs/cgent003/lab-03-composite-strategy-a-new-team/googletest/googletest/include/gtest/internal/gtest-param-util.h:85:27:error: provided for ‘template<class> class testing::internal::ParamGenerator’
 template <typename> class ParamGenerator;
                           ^
In file included from /home/csmajs/cgent003/lab-03-composite-strategy-a-new-team/googletest/googletest/include/gtest/gtest-param-test.h:189:0,
                 from /home/csmajs/cgent003/lab-03-composite-strategy-a-new-team/googletest/googletest/include/gtest/gtest.h:63,
                 from /home/csmajs/cgent003/lab-03-composite-strategy-a-new-team/test.cpp:6:
/home/csmajs/cgent003/lab-03-composite-strategy-a-new-team/googletest/googletest/include/gtest/internal/gtest-param-util-generated.h:1881:3: error: ‘<expression error>’ does not name a type
   operator ParamGenerator< ::std::tuple<T1, T2, T3, T4, T5, T6, T7> >() const {
   ^
/home/csmajs/cgent003/lab-03-composite-strategy-a-new-team/googletest/googletest/include/gtest/internal/gtest-param-util-generated.h:1918:28: error: ‘tuple’ is not a member of ‘std’
   operator ParamGenerator< ::std::tuple<T1, T2, T3, T4, T5, T6, T7,
                            ^
/home/csmajs/cgent003/lab-03-composite-strategy-a-new-team/googletest/googletest/include/gtest/internal/gtest-param-util-generated.h:1918:28: error: ‘tuple’ is not a member of ‘std’
/home/csmajs/cgent003/lab-03-composite-strategy-a-new-team/googletest/googletest/include/gtest/internal/gtest-param-util-generated.h:1919:9: error: wrong number of template arguments (8, should be 1)
       T8> >() const {
         ^
In file included from /home/csmajs/cgent003/lab-03-composite-strategy-a-new-team/googletest/googletest/include/gtest/gtest-param-test.h:188:0,
                 from /home/csmajs/cgent003/lab-03-composite-strategy-a-new-team/googletest/googletest/include/gtest/gtest.h:63,
                 from /home/csmajs/cgent003/lab-03-composite-strategy-a-new-team/test.cpp:6:
/home/csmajs/cgent003/lab-03-composite-strategy-a-new-team/googletest/googletest/include/gtest/internal/gtest-param-util.h:85:27:error: provided for ‘template<class> class testing::internal::ParamGenerator’
 template <typename> class ParamGenerator;
                           ^
In file included from /home/csmajs/cgent003/lab-03-composite-strategy-a-new-team/googletest/googletest/include/gtest/gtest-param-test.h:189:0,
                 from /home/csmajs/cgent003/lab-03-composite-strategy-a-new-team/googletest/googletest/include/gtest/gtest.h:63,
                 from /home/csmajs/cgent003/lab-03-composite-strategy-a-new-team/test.cpp:6:
/home/csmajs/cgent003/lab-03-composite-strategy-a-new-team/googletest/googletest/include/gtest/internal/gtest-param-util-generated.h:1918:3: error: ‘<expression error>’ does not name a type
   operator ParamGenerator< ::std::tuple<T1, T2, T3, T4, T5, T6, T7,
   ^
/home/csmajs/cgent003/lab-03-composite-strategy-a-new-team/googletest/googletest/include/gtest/internal/gtest-param-util-generated.h:1959:28: error: ‘tuple’ is not a member of ‘std’
   operator ParamGenerator< ::std::tuple<T1, T2, T3, T4, T5, T6, T7, T8,
                            ^
/home/csmajs/cgent003/lab-03-composite-strategy-a-new-team/googletest/googletest/include/gtest/internal/gtest-param-util-generated.h:1959:28: error: ‘tuple’ is not a member of ‘std’
/home/csmajs/cgent003/lab-03-composite-strategy-a-new-team/googletest/googletest/include/gtest/internal/gtest-param-util-generated.h:1960:9: error: wrong number of template arguments (9, should be 1)
       T9> >() const {
         ^
In file included from /home/csmajs/cgent003/lab-03-composite-strategy-a-new-team/googletest/googletest/include/gtest/gtest-param-test.h:188:0,
                 from /home/csmajs/cgent003/lab-03-composite-strategy-a-new-team/googletest/googletest/include/gtest/gtest.h:63,
                 from /home/csmajs/cgent003/lab-03-composite-strategy-a-new-team/test.cpp:6:
/home/csmajs/cgent003/lab-03-composite-strategy-a-new-team/googletest/googletest/include/gtest/internal/gtest-param-util.h:85:27:error: provided for ‘template<class> class testing::internal::ParamGenerator’
 template <typename> class ParamGenerator;
                           ^
In file included from /home/csmajs/cgent003/lab-03-composite-strategy-a-new-team/googletest/googletest/include/gtest/gtest-param-test.h:189:0,
                 from /home/csmajs/cgent003/lab-03-composite-strategy-a-new-team/googletest/googletest/include/gtest/gtest.h:63,
                 from /home/csmajs/cgent003/lab-03-composite-strategy-a-new-team/test.cpp:6:
/home/csmajs/cgent003/lab-03-composite-strategy-a-new-team/googletest/googletest/include/gtest/internal/gtest-param-util-generated.h:1959:3: error: ‘<expression error>’ does not name a type
   operator ParamGenerator< ::std::tuple<T1, T2, T3, T4, T5, T6, T7, T8,
   ^
/home/csmajs/cgent003/lab-03-composite-strategy-a-new-team/googletest/googletest/include/gtest/internal/gtest-param-util-generated.h:2002:28: error: ‘tuple’ is not a member of ‘std’
   operator ParamGenerator< ::std::tuple<T1, T2, T3, T4, T5, T6, T7, T8, T9,
                            ^
/home/csmajs/cgent003/lab-03-composite-strategy-a-new-team/googletest/googletest/include/gtest/internal/gtest-param-util-generated.h:2002:28: error: ‘tuple’ is not a member of ‘std’
/home/csmajs/cgent003/lab-03-composite-strategy-a-new-team/googletest/googletest/include/gtest/internal/gtest-param-util-generated.h:2003:10: error: wrong number of template arguments (10, should be 1)
       T10> >() const {
          ^
In file included from /home/csmajs/cgent003/lab-03-composite-strategy-a-new-team/googletest/googletest/include/gtest/gtest-param-test.h:188:0,
                 from /home/csmajs/cgent003/lab-03-composite-strategy-a-new-team/googletest/googletest/include/gtest/gtest.h:63,
                 from /home/csmajs/cgent003/lab-03-composite-strategy-a-new-team/test.cpp:6:
/home/csmajs/cgent003/lab-03-composite-strategy-a-new-team/googletest/googletest/include/gtest/internal/gtest-param-util.h:85:27:error: provided for ‘template<class> class testing::internal::ParamGenerator’
 template <typename> class ParamGenerator;
                           ^
In file included from /home/csmajs/cgent003/lab-03-composite-strategy-a-new-team/googletest/googletest/include/gtest/gtest-param-test.h:189:0,
                 from /home/csmajs/cgent003/lab-03-composite-strategy-a-new-team/googletest/googletest/include/gtest/gtest.h:63,
                 from /home/csmajs/cgent003/lab-03-composite-strategy-a-new-team/test.cpp:6:
/home/csmajs/cgent003/lab-03-composite-strategy-a-new-team/googletest/googletest/include/gtest/internal/gtest-param-util-generated.h:2002:3: error: ‘<expression error>’ does not name a type
   operator ParamGenerator< ::std::tuple<T1, T2, T3, T4, T5, T6, T7, T8, T9,
   ^
In file included from /home/csmajs/cgent003/lab-03-composite-strategy-a-new-team/googletest/googletest/include/gtest/gtest.h:63:0,
                 from /home/csmajs/cgent003/lab-03-composite-strategy-a-new-team/test.cpp:6:
/home/csmajs/cgent003/lab-03-composite-strategy-a-new-team/googletest/googletest/include/gtest/gtest-param-test.h: In function ‘testing::internal::ValueArray<T ...> testing::Values(T ...)’:
/home/csmajs/cgent003/lab-03-composite-strategy-a-new-team/googletest/googletest/include/gtest/gtest-param-test.h:342:37: error: move’ is not a member of ‘std’
   return internal::ValueArray<T...>(std::move(v)...);
                                     ^
In file included from /home/csmajs/cgent003/lab-03-composite-strategy-a-new-team/googletest/googletest/include/gtest/gtest.h:59:0,
                 from /home/csmajs/cgent003/lab-03-composite-strategy-a-new-team/test.cpp:6:
/home/csmajs/cgent003/lab-03-composite-strategy-a-new-team/googletest/googletest/include/gtest/internal/gtest-internal.h: In instantiation of ‘struct testing::internal::MakeIndexSequence<1ul>’:
/home/csmajs/cgent003/lab-03-composite-strategy-a-new-team/googletest/googletest/include/gtest/internal/gtest-internal.h:1200:8:   required from ‘struct testing::internal::MakeIndexSequence<2ul>’
/home/csmajs/cgent003/lab-03-composite-strategy-a-new-team/googletest/googletest/include/gtest/internal/gtest-internal.h:1265:7:   required from ‘class testing::internal::FlatTuple<bool, bool>’
/home/csmajs/cgent003/lab-03-composite-strategy-a-new-team/googletest/googletest/include/gtest/internal/gtest-param-util.h:745:20   required from ‘class testing::internal::ValueArray<bool, bool>’
/home/csmajs/cgent003/lab-03-composite-strategy-a-new-team/googletest/googletest/include/gtest/gtest-param-test.h:366:28:   required from here
/home/csmajs/cgent003/lab-03-composite-strategy-a-new-team/googletest/googletest/include/gtest/internal/gtest-internal.h:1200:8: error: no type named ‘type’ in ‘struct testing::internal::MakeIndexSequence<0ul>’
 struct MakeIndexSequence
        ^
/home/csmajs/cgent003/lab-03-composite-strategy-a-new-team/googletest/googletest/include/gtest/internal/gtest-internal.h: In instantiation of ‘struct testing::internal::MakeIndexSequence<2ul>’:
/home/csmajs/cgent003/lab-03-composite-strategy-a-new-team/googletest/googletest/include/gtest/internal/gtest-internal.h:1265:7:   required from ‘class testing::internal::FlatTuple<bool, bool>’
/home/csmajs/cgent003/lab-03-composite-strategy-a-new-team/googletest/googletest/include/gtest/internal/gtest-param-util.h:745:20   required from ‘class testing::internal::ValueArray<bool, bool>’
/home/csmajs/cgent003/lab-03-composite-strategy-a-new-team/googletest/googletest/include/gtest/gtest-param-test.h:366:28:   required from here
/home/csmajs/cgent003/lab-03-composite-strategy-a-new-team/googletest/googletest/include/gtest/internal/gtest-internal.h:1200:8: error: no type named ‘type’ in ‘struct testing::internal::MakeIndexSequence<1ul>’
/home/csmajs/cgent003/lab-03-composite-strategy-a-new-team/googletest/googletest/include/gtest/internal/gtest-internal.h: In instantiation of ‘class testing::internal::FlatTuple<bool, bool>’:
/home/csmajs/cgent003/lab-03-composite-strategy-a-new-team/googletest/googletest/include/gtest/internal/gtest-param-util.h:745:20   required from ‘class testing::internal::ValueArray<bool, bool>’
/home/csmajs/cgent003/lab-03-composite-strategy-a-new-team/googletest/googletest/include/gtest/gtest-param-test.h:366:28:   required from here
/home/csmajs/cgent003/lab-03-composite-strategy-a-new-team/googletest/googletest/include/gtest/internal/gtest-internal.h:1265:7: error: no type named ‘type’ in ‘struct testing::internal::MakeIndexSequence<2ul>’
 class FlatTuple
       ^
In file included from /home/csmajs/cgent003/lab-03-composite-strategy-a-new-team/googletest/googletest/include/gtest/gtest.h:66:0,
                 from /home/csmajs/cgent003/lab-03-composite-strategy-a-new-team/test.cpp:6:
/home/csmajs/cgent003/lab-03-composite-strategy-a-new-team/googletest/googletest/include/gtest/gtest-test-part.h: In constructor testing::TestPartResult::TestPartResult(testing::TestPartResult::Type, const char*, int, const char*)’:
/home/csmajs/cgent003/lab-03-composite-strategy-a-new-team/googletest/googletest/include/gtest/gtest-test-part.h:66:35: error: ‘nullptr’ was not declared in this scope
         file_name_(a_file_name == nullptr ? "" : a_file_name),
                                   ^
/home/csmajs/cgent003/lab-03-composite-strategy-a-new-team/googletest/googletest/include/gtest/gtest-test-part.h: In member function ‘const char* testing::TestPartResult::file_name() const’:
/home/csmajs/cgent003/lab-03-composite-strategy-a-new-team/googletest/googletest/include/gtest/gtest-test-part.h:77:33: error: ‘nullptr’ was not declared in this scope
     return file_name_.empty() ? nullptr : file_name_.c_str();
                                 ^
In file included from /home/csmajs/cgent003/lab-03-composite-strategy-a-new-team/test.cpp:6:0:
/home/csmajs/cgent003/lab-03-composite-strategy-a-new-team/googletest/googletest/include/gtest/gtest.h: At global scope:
/home/csmajs/cgent003/lab-03-composite-strategy-a-new-team/googletest/googletest/include/gtest/gtest.h:304:9: error: ‘nullptr’ was not declared in this scope
       = nullptr)
         ^
/home/csmajs/cgent003/lab-03-composite-strategy-a-new-team/googletest/googletest/include/gtest/gtest.h: In member function ‘const char* testing::AssertionResult::message() const’:
/home/csmajs/cgent003/lab-03-composite-strategy-a-new-team/googletest/googletest/include/gtest/gtest.h:328:30: error: ‘nullptr’ was not declared in this scope
     return message_.get() != nullptr ? message_->c_str() : "";
                              ^
/home/csmajs/cgent003/lab-03-composite-strategy-a-new-team/googletest/googletest/include/gtest/gtest.h: In member function ‘void testing::AssertionResult::AppendMessage(const testing::Message&)’:
/home/csmajs/cgent003/lab-03-composite-strategy-a-new-team/googletest/googletest/include/gtest/gtest.h:351:27: error: ‘nullptr’ was not declared in this scope
     if (message_.get() == nullptr) message_.reset(new ::std::string);
                           ^
In file included from /home/csmajs/cgent003/lab-03-composite-strategy-a-new-team/test.cpp:6:0:
/home/csmajs/cgent003/lab-03-composite-strategy-a-new-team/googletest/googletest/include/gtest/gtest.h: In member function ‘virtual testing::Test::Setup_should_be_spelled_SetUp* testing::Test::Setup()’:
/home/csmajs/cgent003/lab-03-composite-strategy-a-new-team/googletest/googletest/include/gtest/gtest.h:515:59: error: ‘nullptr’ was not declared in this scope
   virtual Setup_should_be_spelled_SetUp* Setup() { return nullptr; }
                                                           ^
/home/csmajs/cgent003/lab-03-composite-strategy-a-new-team/googletest/googletest/include/gtest/gtest.h: In member function ‘const char* testing::TestInfo::type_param() const’:
/home/csmajs/cgent003/lab-03-composite-strategy-a-new-team/googletest/googletest/include/gtest/gtest.h:703:30: error: ‘nullptr’ was not declared in this scope
     if (type_param_.get() != nullptr) return type_param_->c_str();
                              ^
/home/csmajs/cgent003/lab-03-composite-strategy-a-new-team/googletest/googletest/include/gtest/gtest.h:704:12: error: ‘nullptr’ was not declared in this scope
     return nullptr;
            ^
/home/csmajs/cgent003/lab-03-composite-strategy-a-new-team/googletest/googletest/include/gtest/gtest.h: In member function ‘const char* testing::TestInfo::value_param() const’:
/home/csmajs/cgent003/lab-03-composite-strategy-a-new-team/googletest/googletest/include/gtest/gtest.h:710:31: error: ‘nullptr’ was not declared in this scope
     if (value_param_.get() != nullptr) return value_param_->c_str();
                               ^
/home/csmajs/cgent003/lab-03-composite-strategy-a-new-team/googletest/googletest/include/gtest/gtest.h:711:12: error: ‘nullptr’ was not declared in this scope
     return nullptr;
            ^
/home/csmajs/cgent003/lab-03-composite-strategy-a-new-team/googletest/googletest/include/gtest/gtest.h: In member function ‘const char* testing::TestCase::type_param() const’:
/home/csmajs/cgent003/lab-03-composite-strategy-a-new-team/googletest/googletest/include/gtest/gtest.h:850:30: error: ‘nullptr’ was not declared in this scope
     if (type_param_.get() != nullptr) return type_param_->c_str();
                              ^
/home/csmajs/cgent003/lab-03-composite-strategy-a-new-team/googletest/googletest/include/gtest/gtest.h:851:12: error: ‘nullptr’ was not declared in this scope
     return nullptr;
            ^
/home/csmajs/cgent003/lab-03-composite-strategy-a-new-team/googletest/googletest/include/gtest/gtest.h: In member function ‘virtual testing::Environment::Setup_should_be_spelled_SetUp* testing::Environment::Setup()’:
/home/csmajs/cgent003/lab-03-composite-strategy-a-new-team/googletest/googletest/include/gtest/gtest.h:1038:59: error: ‘nullptr’ was not declared in this scope
   virtual Setup_should_be_spelled_SetUp* Setup() { return nullptr; }
                                                           ^
/home/csmajs/cgent003/lab-03-composite-strategy-a-new-team/googletest/googletest/include/gtest/gtest.h: At global scope:
/home/csmajs/cgent003/lab-03-composite-strategy-a-new-team/googletest/googletest/include/gtest/gtest.h:1521:58: error: ‘nullptr’ was not declared in this scope
       typename EnableIf<!is_pointer<T2>::value>::type* = nullptr) {
                                                          ^
/home/csmajs/cgent003/lab-03-composite-strategy-a-new-team/googletest/googletest/include/gtest/gtest.h: In static member function ‘static testing::AssertionResult testing::internal::EqHelper<true>::Compare(const char*, const char*, testing::internal::Secret*, T*)’:
/home/csmajs/cgent003/lab-03-composite-strategy-a-new-team/googletest/googletest/include/gtest/gtest.h:1540:72: error: ‘nullptr’ was not declared in this scope
     return CmpHelperEQ(lhs_expression, rhs_expression, static_cast<T*>(nullptr),
                                                                        ^
In file included from /home/csmajs/cgent003/lab-03-composite-strategy-a-new-team/googletest/googletest/include/gtest/internal/gtest-internal.h:40:0,
                 from /home/csmajs/cgent003/lab-03-composite-strategy-a-new-team/googletest/googletest/include/gtest/gtest.h:59,
                 from /home/csmajs/cgent003/lab-03-composite-strategy-a-new-team/test.cpp:6:
/home/csmajs/cgent003/lab-03-composite-strategy-a-new-team/googletest/googletest/include/gtest/gtest.h: In static member function ‘static const ParamType& testing::WithParamInterface<T>::GetParam()’:
/home/csmajs/cgent003/lab-03-composite-strategy-a-new-team/googletest/googletest/include/gtest/gtest.h:1821:5: error: ‘nullptr’ was not declared in this scope
     GTEST_CHECK_(parameter_ != nullptr)
     ^
In file included from /home/csmajs/cgent003/lab-03-composite-strategy-a-new-team/test.cpp:6:0:
/home/csmajs/cgent003/lab-03-composite-strategy-a-new-team/googletest/googletest/include/gtest/gtest.h: At global scope:
/home/csmajs/cgent003/lab-03-composite-strategy-a-new-team/googletest/googletest/include/gtest/gtest.h:1842:46: error: ‘nullptr’ was not declared in this scope
 const T* WithParamInterface<T>::parameter_ = nullptr;
                                              ^
In file included from /home/csmajs/cgent003/lab-03-composite-strategy-a-new-team/googletest/googletest/include/gtest/internal/gtest-internal.h:40:0,
                 from /home/csmajs/cgent003/lab-03-composite-strategy-a-new-team/googletest/googletest/include/gtest/gtest.h:59,
                 from /home/csmajs/cgent003/lab-03-composite-strategy-a-new-team/test.cpp:6:
/home/csmajs/cgent003/lab-03-composite-strategy-a-new-team/googletest/googletest/include/gtest/internal/gtest-port.h: In instantiation of ‘testing::internal::scoped_ptr<T>::~scoped_ptr() [with T = std::basic_stringstream<char>]’:
/home/csmajs/cgent003/lab-03-composite-strategy-a-new-team/googletest/googletest/include/gtest/gtest-message.h:100:60:   required from here
/home/csmajs/cgent003/lab-03-composite-strategy-a-new-team/googletest/googletest/include/gtest/internal/gtest-port.h:1023:25: error: call to ‘void testing::internal::scoped_ptr<T>::reset(T*) [with T = std::basic_stringstream<char>]’ uses the default argument for parameter 1, which is not yet defined
   ~scoped_ptr() { reset(); }
                         ^
In file included from /home/csmajs/cgent003/lab-03-composite-strategy-a-new-team/googletest/googletest/include/gtest/gtest-param-test.h:188:0,
                 from /home/csmajs/cgent003/lab-03-composite-strategy-a-new-team/googletest/googletest/include/gtest/gtest.h:63,
                 from /home/csmajs/cgent003/lab-03-composite-strategy-a-new-team/test.cpp:6:
/home/csmajs/cgent003/lab-03-composite-strategy-a-new-team/googletest/googletest/include/gtest/internal/gtest-param-util.h: In instantiation of ‘testing::internal::ValueArray<Ts>::operator testing::internal::ParamGenerator<T>() const [with T = bool; Ts = {bool, bool}]’:
/home/csmajs/cgent003/lab-03-composite-strategy-a-new-team/googletest/googletest/include/gtest/gtest-param-test.h:366:28:   required from here
/home/csmajs/cgent003/lab-03-composite-strategy-a-new-team/googletest/googletest/include/gtest/internal/gtest-param-util.h:736:31 error: no matching function for call to ‘testing::internal::ValueArray<bool, bool>::MakeVector(testing::internal::MakeIndexSequence<2ul>) const’
     return ValuesIn(MakeVector<T>(MakeIndexSequence<sizeof...(Ts)>()));
                               ^
/home/csmajs/cgent003/lab-03-composite-strategy-a-new-team/googletest/googletest/include/gtest/internal/gtest-param-util.h:736:31 note: candidate is:
/home/csmajs/cgent003/lab-03-composite-strategy-a-new-team/googletest/googletest/include/gtest/internal/gtest-param-util.h:741:18 note: template<class T, long unsigned int ...I> std::vector<T> testing::internal::ValueArray<Ts>::MakeVector(testing::internal::IndexSequence<I ...>) const [with T = T; long unsigned int ...I = {I ...}; Ts = {bool, bool}]
   std::vector<T> MakeVector(IndexSequence<I...>) const {
                  ^
/home/csmajs/cgent003/lab-03-composite-strategy-a-new-team/googletest/googletest/include/gtest/internal/gtest-param-util.h:741:18 note:   template argument deduction/substitution failed:
/home/csmajs/cgent003/lab-03-composite-strategy-a-new-team/googletest/googletest/include/gtest/internal/gtest-param-util.h:736:31 note:   ‘testing::internal::MakeIndexSequence<2ul>’ is not derived from ‘testing::internal::IndexSequence<I ...>’
     return ValuesIn(MakeVector<T>(MakeIndexSequence<sizeof...(Ts)>()));
                               ^
In file included from /home/csmajs/cgent003/lab-03-composite-strategy-a-new-team/googletest/googletest/include/gtest/internal/gtest-internal.h:40:0,
                 from /home/csmajs/cgent003/lab-03-composite-strategy-a-new-team/googletest/googletest/include/gtest/gtest.h:59,
                 from /home/csmajs/cgent003/lab-03-composite-strategy-a-new-team/test.cpp:6:
/home/csmajs/cgent003/lab-03-composite-strategy-a-new-team/googletest/googletest/include/gtest/internal/gtest-port.h: In instantiation of ‘testing::internal::scoped_ptr<T>::~scoped_ptr() [with T = std::basic_string<char>]’:
/home/csmajs/cgent003/lab-03-composite-strategy-a-new-team/googletest/googletest/include/gtest/gtest.h:281:18:   required from here
/home/csmajs/cgent003/lab-03-composite-strategy-a-new-team/googletest/googletest/include/gtest/internal/gtest-port.h:1023:25: error: call to ‘void testing::internal::scoped_ptr<T>::reset(T*) [with T = std::basic_string<char>]’ uses the default argument for parameter 1, which is not yet defined
   ~scoped_ptr() { reset(); }
                         ^
make[2]: *** [CMakeFiles/test.dir/test.cpp.o] Error 1
make[1]: *** [CMakeFiles/test.dir/all] Error 2
make: *** [all] Error 2
[cgent003@hammer lab-03-composite-strategy-a-new-team]$ 

